"E:/unrealtask/cx/TencentGameClass/ProjectFile/Content/Gunslinger/GunslingerTTP_Skeleton.uasset" 0
"E:/unrealtask/cx/TencentGameClass/ProjectFile/Content/Gunslinger/GunslingerTTP_Skeleton.uexp" 1
"E:/unrealtask/cx/TencentGameClass/ProjectFile/Content/Animations/Gunslinger_Aiming.uasset" 2
"E:/unrealtask/cx/TencentGameClass/ProjectFile/Content/Animations/Gunslinger_Aiming.uexp" 3
"E:/unrealtask/cx/TencentGameClass/ProjectFile/Content/Animations/Gunslinger_ResetAim.uasset" 4
"E:/unrealtask/cx/TencentGameClass/ProjectFile/Content/Animations/Gunslinger_ResetAim.uexp" 5
"../../../Engine/Content/BasicShapes/BasicShapeMaterial.uasset" 6
"../../../Engine/Content/BasicShapes/BasicShapeMaterial.uexp" 7
"E:/unrealtask/cx/TencentGameClass/ProjectFile/Content/Blueprints/MyPlayerState.uasset" 8
"E:/unrealtask/cx/TencentGameClass/ProjectFile/Content/Blueprints/MyPlayerState.uexp" 9
"../../../Engine/Content/EngineMaterials/T_Default_Material_Grid_N.uasset" 10
"../../../Engine/Content/EngineMaterials/T_Default_Material_Grid_N.uexp" 11
"../../../Engine/Content/EngineMaterials/T_Default_Material_Grid_N.ubulk" 12
"../../../Engine/Content/EngineMaterials/T_Default_Material_Grid_M.uasset" 13
"../../../Engine/Content/EngineMaterials/T_Default_Material_Grid_M.uexp" 14
"../../../Engine/Content/EngineMaterials/T_Default_Material_Grid_M.ubulk" 15
"../../../Engine/Content/Functions/Engine_MaterialFunctions01/Opacity/CameraDepthFade.uasset" 16
"../../../Engine/Content/Functions/Engine_MaterialFunctions01/Opacity/CameraDepthFade.uexp" 17
"../../../Engine/Content/EngineMaterials/DefaultMaterial.uasset" 18
"../../../Engine/Content/EngineMaterials/DefaultMaterial.uexp" 19
"../../../Engine/Content/BasicShapes/Sphere.uasset" 20
"../../../Engine/Content/BasicShapes/Sphere.uexp" 21
"../../../Engine/Content/EditorBlueprintResources/StandardMacros.uasset" 22
"../../../Engine/Content/EditorBlueprintResources/StandardMacros.uexp" 23
"E:/unrealtask/cx/TencentGameClass/ProjectFile/Content/Animations/Gunslinger_Hit_01.uasset" 24
"E:/unrealtask/cx/TencentGameClass/ProjectFile/Content/Animations/Gunslinger_Hit_01.uexp" 25
"E:/unrealtask/cx/TencentGameClass/ProjectFile/Content/Animations/Gunslinger_Unholster.uasset" 26
"E:/unrealtask/cx/TencentGameClass/ProjectFile/Content/Animations/Gunslinger_Unholster.uexp" 27
"E:/unrealtask/cx/TencentGameClass/ProjectFile/Content/Animations/Gunslinger_Ready.uasset" 28
"E:/unrealtask/cx/TencentGameClass/ProjectFile/Content/Animations/Gunslinger_Ready.uexp" 29
"E:/unrealtask/cx/TencentGameClass/ProjectFile/Content/Animations/Gunslinger_PullBack.uasset" 30
"E:/unrealtask/cx/TencentGameClass/ProjectFile/Content/Animations/Gunslinger_PullBack.uexp" 31
"E:/unrealtask/cx/TencentGameClass/ProjectFile/Content/Animations/Gunslinger_Fire.uasset" 32
"E:/unrealtask/cx/TencentGameClass/ProjectFile/Content/Animations/Gunslinger_Fire.uexp" 33
"E:/unrealtask/cx/TencentGameClass/ProjectFile/Content/Animations/Gunslinger_Draw.uasset" 34
"E:/unrealtask/cx/TencentGameClass/ProjectFile/Content/Animations/Gunslinger_Draw.uexp" 35
"E:/unrealtask/cx/TencentGameClass/ProjectFile/Content/Animations/Gunslinger_Aim_UR.uasset" 36
"E:/unrealtask/cx/TencentGameClass/ProjectFile/Content/Animations/Gunslinger_Aim_UR.uexp" 37
"E:/unrealtask/cx/TencentGameClass/ProjectFile/Content/Animations/Gunslinger_Aim_UL.uasset" 38
"E:/unrealtask/cx/TencentGameClass/ProjectFile/Content/Animations/Gunslinger_Aim_UL.uexp" 39
"E:/unrealtask/cx/TencentGameClass/ProjectFile/Content/Animations/Gunslinger_Aim_UC.uasset" 40
"E:/unrealtask/cx/TencentGameClass/ProjectFile/Content/Animations/Gunslinger_Aim_UC.uexp" 41
"E:/unrealtask/cx/TencentGameClass/ProjectFile/Content/Animations/Gunslinger_Aim_DR.uasset" 42
"E:/unrealtask/cx/TencentGameClass/ProjectFile/Content/Animations/Gunslinger_Aim_DR.uexp" 43
"E:/unrealtask/cx/TencentGameClass/ProjectFile/Content/Animations/Gunslinger_Aim_CC.uasset" 44
"E:/unrealtask/cx/TencentGameClass/ProjectFile/Content/Animations/Gunslinger_Aim_CC.uexp" 45
"E:/unrealtask/cx/TencentGameClass/ProjectFile/Content/Animations/Gunslinger_Aim_CL.uasset" 46
"E:/unrealtask/cx/TencentGameClass/ProjectFile/Content/Animations/Gunslinger_Aim_CL.uexp" 47
"E:/unrealtask/cx/TencentGameClass/ProjectFile/Content/Animations/Gunslinger_Aim_CR.uasset" 48
"E:/unrealtask/cx/TencentGameClass/ProjectFile/Content/Animations/Gunslinger_Aim_CR.uexp" 49
"E:/unrealtask/cx/TencentGameClass/ProjectFile/Content/Animations/Gunslinger_Aim_DC.uasset" 50
"E:/unrealtask/cx/TencentGameClass/ProjectFile/Content/Animations/Gunslinger_Aim_DC.uexp" 51
"E:/unrealtask/cx/TencentGameClass/ProjectFile/Content/Animations/Gunslinger_Aim_DL.uasset" 52
"E:/unrealtask/cx/TencentGameClass/ProjectFile/Content/Animations/Gunslinger_Aim_DL.uexp" 53
"E:/unrealtask/cx/TencentGameClass/ProjectFile/Content/Animations/AimOffset_Gunslinger.uasset" 54
"E:/unrealtask/cx/TencentGameClass/ProjectFile/Content/Animations/AimOffset_Gunslinger.uexp" 55
"E:/unrealtask/cx/TencentGameClass/ProjectFile/Content/Gunslinger/Gunslinger_AnimBP.uasset" 56
"E:/unrealtask/cx/TencentGameClass/ProjectFile/Content/Gunslinger/Gunslinger_AnimBP.uexp" 57
"E:/unrealtask/cx/TencentGameClass/ProjectFile/Content/Textures/MuzzleFlash.uasset" 58
"E:/unrealtask/cx/TencentGameClass/ProjectFile/Content/Textures/MuzzleFlash.uexp" 59
"E:/unrealtask/cx/TencentGameClass/ProjectFile/Content/Textures/MuzzleFlash.ubulk" 60
"E:/unrealtask/cx/TencentGameClass/ProjectFile/Content/Materials/M_MuzzleFlash.uasset" 61
"E:/unrealtask/cx/TencentGameClass/ProjectFile/Content/Materials/M_MuzzleFlash.uexp" 62
"E:/unrealtask/cx/TencentGameClass/ProjectFile/Content/Materials/M_MuzzleFlash_Inst.uasset" 63
"E:/unrealtask/cx/TencentGameClass/ProjectFile/Content/Materials/M_MuzzleFlash_Inst.uexp" 64
"E:/unrealtask/cx/TencentGameClass/ProjectFile/Content/Effects/P_MuzzleFlash.uasset" 65
"E:/unrealtask/cx/TencentGameClass/ProjectFile/Content/Effects/P_MuzzleFlash.uexp" 66
"E:/unrealtask/cx/TencentGameClass/ProjectFile/Content/Blueprints/BP_MuzzleFlash.uasset" 67
"E:/unrealtask/cx/TencentGameClass/ProjectFile/Content/Blueprints/BP_MuzzleFlash.uexp" 68
"../../../Engine/Content/Functions/Engine_MaterialFunctions01/Gradient/RadialGradient.uasset" 69
"../../../Engine/Content/Functions/Engine_MaterialFunctions01/Gradient/RadialGradient.uexp" 70
"E:/unrealtask/cx/TencentGameClass/ProjectFile/Content/Materials/M_Bullet.uasset" 71
"E:/unrealtask/cx/TencentGameClass/ProjectFile/Content/Materials/M_Bullet.uexp" 72
"E:/unrealtask/cx/TencentGameClass/ProjectFile/Content/Materials/M_Bullet_Inst.uasset" 73
"E:/unrealtask/cx/TencentGameClass/ProjectFile/Content/Materials/M_Bullet_Inst.uexp" 74
"E:/unrealtask/cx/TencentGameClass/ProjectFile/Content/Effects/P_Hit.uasset" 75
"E:/unrealtask/cx/TencentGameClass/ProjectFile/Content/Effects/P_Hit.uexp" 76
"E:/unrealtask/cx/TencentGameClass/ProjectFile/Content/Meshes/Sphere.uasset" 77
"E:/unrealtask/cx/TencentGameClass/ProjectFile/Content/Meshes/Sphere.uexp" 78
"E:/unrealtask/cx/TencentGameClass/ProjectFile/Content/Sounds/Randomize_01.uasset" 79
"E:/unrealtask/cx/TencentGameClass/ProjectFile/Content/Sounds/Randomize_01.uexp" 80
"E:/unrealtask/cx/TencentGameClass/ProjectFile/Content/Sounds/Hit_01.uasset" 81
"E:/unrealtask/cx/TencentGameClass/ProjectFile/Content/Sounds/Hit_01.uexp" 82
"E:/unrealtask/cx/TencentGameClass/ProjectFile/Content/Sounds/SoundCue_Attentuated.uasset" 83
"E:/unrealtask/cx/TencentGameClass/ProjectFile/Content/Sounds/SoundCue_Attentuated.uexp" 84
"E:/unrealtask/cx/TencentGameClass/ProjectFile/Content/Blueprints/BP_Projectile.uasset" 85
"E:/unrealtask/cx/TencentGameClass/ProjectFile/Content/Blueprints/BP_Projectile.uexp" 86
"E:/unrealtask/cx/TencentGameClass/ProjectFile/Content/Blueprints/CamShake_01.uasset" 87
"E:/unrealtask/cx/TencentGameClass/ProjectFile/Content/Blueprints/CamShake_01.uexp" 88
"E:/unrealtask/cx/TencentGameClass/ProjectFile/Content/Materials/M_Player.uasset" 89
"E:/unrealtask/cx/TencentGameClass/ProjectFile/Content/Materials/M_Player.uexp" 90
"E:/unrealtask/cx/TencentGameClass/ProjectFile/Content/Materials/M_Player_Inst.uasset" 91
"E:/unrealtask/cx/TencentGameClass/ProjectFile/Content/Materials/M_Player_Inst.uexp" 92
"E:/unrealtask/cx/TencentGameClass/ProjectFile/Content/Gunslinger/GunslingerTTP_PhysicsAsset.uasset" 93
"E:/unrealtask/cx/TencentGameClass/ProjectFile/Content/Gunslinger/GunslingerTTP_PhysicsAsset.uexp" 94
"E:/unrealtask/cx/TencentGameClass/ProjectFile/Content/Gunslinger/GunslingerTTP.uasset" 95
"E:/unrealtask/cx/TencentGameClass/ProjectFile/Content/Gunslinger/GunslingerTTP.uexp" 96
"E:/unrealtask/cx/TencentGameClass/ProjectFile/Content/Materials/M_Hat.uasset" 97
"E:/unrealtask/cx/TencentGameClass/ProjectFile/Content/Materials/M_Hat.uexp" 98
"E:/unrealtask/cx/TencentGameClass/ProjectFile/Content/Materials/M_Hat_Inst.uasset" 99
"E:/unrealtask/cx/TencentGameClass/ProjectFile/Content/Materials/M_Hat_Inst.uexp" 100
"E:/unrealtask/cx/TencentGameClass/ProjectFile/Content/Materials/M_Gun.uasset" 101
"E:/unrealtask/cx/TencentGameClass/ProjectFile/Content/Materials/M_Gun.uexp" 102
"E:/unrealtask/cx/TencentGameClass/ProjectFile/Content/Meshes/Gun.uasset" 103
"E:/unrealtask/cx/TencentGameClass/ProjectFile/Content/Meshes/Gun.uexp" 104
"E:/unrealtask/cx/TencentGameClass/ProjectFile/Content/Meshes/Hat.uasset" 105
"E:/unrealtask/cx/TencentGameClass/ProjectFile/Content/Meshes/Hat.uexp" 106
"E:/unrealtask/cx/TencentGameClass/ProjectFile/Content/Sounds/Click_01.uasset" 107
"E:/unrealtask/cx/TencentGameClass/ProjectFile/Content/Sounds/Click_01.uexp" 108
"E:/unrealtask/cx/TencentGameClass/ProjectFile/Content/Sounds/Coin_01.uasset" 109
"E:/unrealtask/cx/TencentGameClass/ProjectFile/Content/Sounds/Coin_01.uexp" 110
"E:/unrealtask/cx/TencentGameClass/ProjectFile/Content/Sounds/Gunfire_01.uasset" 111
"E:/unrealtask/cx/TencentGameClass/ProjectFile/Content/Sounds/Gunfire_01.uexp" 112
"E:/unrealtask/cx/TencentGameClass/ProjectFile/Content/Sounds/Randomize_03.uasset" 113
"E:/unrealtask/cx/TencentGameClass/ProjectFile/Content/Sounds/Randomize_03.uexp" 114
"E:/unrealtask/cx/TencentGameClass/ProjectFile/Content/Sounds/Randomize_08.uasset" 115
"E:/unrealtask/cx/TencentGameClass/ProjectFile/Content/Sounds/Randomize_08.uexp" 116
"../../../Engine/Content/EditorBlueprintResources/ActorMacros.uasset" 117
"../../../Engine/Content/EditorBlueprintResources/ActorMacros.uexp" 118
"E:/unrealtask/cx/TencentGameClass/ProjectFile/Content/Gunslinger/Gunslinger_BP.uasset" 119
"E:/unrealtask/cx/TencentGameClass/ProjectFile/Content/Gunslinger/Gunslinger_BP.uexp" 120
"E:/unrealtask/cx/TencentGameClass/ProjectFile/Content/Textures/Ammo_Empty.uasset" 121
"E:/unrealtask/cx/TencentGameClass/ProjectFile/Content/Textures/Ammo_Empty.uexp" 122
"E:/unrealtask/cx/TencentGameClass/ProjectFile/Content/Textures/Ammo_Full.uasset" 123
"E:/unrealtask/cx/TencentGameClass/ProjectFile/Content/Textures/Ammo_Full.uexp" 124
"E:/unrealtask/cx/TencentGameClass/ProjectFile/Content/Blueprints/Widgets/AmmoWidget.uasset" 125
"E:/unrealtask/cx/TencentGameClass/ProjectFile/Content/Blueprints/Widgets/AmmoWidget.uexp" 126
"E:/unrealtask/cx/TencentGameClass/ProjectFile/Content/Blueprints/Widgets/QuitGame.uasset" 127
"E:/unrealtask/cx/TencentGameClass/ProjectFile/Content/Blueprints/Widgets/QuitGame.uexp" 128
"E:/unrealtask/cx/TencentGameClass/ProjectFile/Content/Blueprints/State.uasset" 129
"E:/unrealtask/cx/TencentGameClass/ProjectFile/Content/Blueprints/State.uexp" 130
"E:/unrealtask/cx/TencentGameClass/ProjectFile/Content/Blueprints/Widgets/ErrorDialog.uasset" 131
"E:/unrealtask/cx/TencentGameClass/ProjectFile/Content/Blueprints/Widgets/ErrorDialog.uexp" 132
"E:/unrealtask/cx/TencentGameClass/ProjectFile/Content/Blueprints/Widgets/LoadingScreen.uasset" 133
"E:/unrealtask/cx/TencentGameClass/ProjectFile/Content/Blueprints/Widgets/LoadingScreen.uexp" 134
"E:/unrealtask/cx/TencentGameClass/ProjectFile/Content/Blueprints/Widgets/ServerRow.uasset" 135
"E:/unrealtask/cx/TencentGameClass/ProjectFile/Content/Blueprints/Widgets/ServerRow.uexp" 136
"E:/unrealtask/cx/TencentGameClass/ProjectFile/Content/Blueprints/Widgets/ServerList.uasset" 137
"E:/unrealtask/cx/TencentGameClass/ProjectFile/Content/Blueprints/Widgets/ServerList.uexp" 138
"E:/unrealtask/cx/TencentGameClass/ProjectFile/Content/Blueprints/Widgets/MainMenu.uasset" 139
"E:/unrealtask/cx/TencentGameClass/ProjectFile/Content/Blueprints/Widgets/MainMenu.uexp" 140
"E:/unrealtask/cx/TencentGameClass/ProjectFile/Content/Blueprints/MyGameInstance.uasset" 141
"E:/unrealtask/cx/TencentGameClass/ProjectFile/Content/Blueprints/MyGameInstance.uexp" 142
"E:/unrealtask/cx/TencentGameClass/ProjectFile/Content/Blueprints/MyGameState.uasset" 143
"E:/unrealtask/cx/TencentGameClass/ProjectFile/Content/Blueprints/MyGameState.uexp" 144
"E:/unrealtask/cx/TencentGameClass/ProjectFile/Content/Blueprints/Widgets/GameTime.uasset" 145
"E:/unrealtask/cx/TencentGameClass/ProjectFile/Content/Blueprints/Widgets/GameTime.uexp" 146
"E:/unrealtask/cx/TencentGameClass/ProjectFile/Content/Blueprints/Widgets/InGameMenu.uasset" 147
"E:/unrealtask/cx/TencentGameClass/ProjectFile/Content/Blueprints/Widgets/InGameMenu.uexp" 148
"E:/unrealtask/cx/TencentGameClass/ProjectFile/Content/Blueprints/Widgets/ScoreboardRow.uasset" 149
"E:/unrealtask/cx/TencentGameClass/ProjectFile/Content/Blueprints/Widgets/ScoreboardRow.uexp" 150
"E:/unrealtask/cx/TencentGameClass/ProjectFile/Content/Blueprints/Widgets/MyHUD.uasset" 151
"E:/unrealtask/cx/TencentGameClass/ProjectFile/Content/Blueprints/Widgets/MyHUD.uexp" 152
"E:/unrealtask/cx/TencentGameClass/ProjectFile/Content/Blueprints/MyPlayerController.uasset" 153
"E:/unrealtask/cx/TencentGameClass/ProjectFile/Content/Blueprints/MyPlayerController.uexp" 154
"E:/unrealtask/cx/TencentGameClass/ProjectFile/Content/Blueprints/MyGameMode.uasset" 155
"E:/unrealtask/cx/TencentGameClass/ProjectFile/Content/Blueprints/MyGameMode.uexp" 156
"E:/unrealtask/cx/TencentGameClass/ProjectFile/Content/Blueprints/BP_FLYBOX.uasset" 157
"E:/unrealtask/cx/TencentGameClass/ProjectFile/Content/Blueprints/BP_FLYBOX.uexp" 158
"E:/unrealtask/cx/TencentGameClass/ProjectFile/Content/Sounds/Blip_01.uasset" 159
"E:/unrealtask/cx/TencentGameClass/ProjectFile/Content/Sounds/Blip_01.uexp" 160
"E:/unrealtask/cx/TencentGameClass/ProjectFile/Content/Sounds/Blip_02.uasset" 161
"E:/unrealtask/cx/TencentGameClass/ProjectFile/Content/Sounds/Blip_02.uexp" 162
"E:/unrealtask/cx/TencentGameClass/ProjectFile/Content/Sounds/Coin_02.uasset" 163
"E:/unrealtask/cx/TencentGameClass/ProjectFile/Content/Sounds/Coin_02.uexp" 164
"E:/unrealtask/cx/TencentGameClass/ProjectFile/Content/Sounds/Laser_01.uasset" 165
"E:/unrealtask/cx/TencentGameClass/ProjectFile/Content/Sounds/Laser_01.uexp" 166
"E:/unrealtask/cx/TencentGameClass/ProjectFile/Content/Sounds/Laser_02.uasset" 167
"E:/unrealtask/cx/TencentGameClass/ProjectFile/Content/Sounds/Laser_02.uexp" 168
"E:/unrealtask/cx/TencentGameClass/ProjectFile/Content/Sounds/Powerup_01.uasset" 169
"E:/unrealtask/cx/TencentGameClass/ProjectFile/Content/Sounds/Powerup_01.uexp" 170
"E:/unrealtask/cx/TencentGameClass/ProjectFile/Content/Sounds/Powerup_02.uasset" 171
"E:/unrealtask/cx/TencentGameClass/ProjectFile/Content/Sounds/Powerup_02.uexp" 172
"E:/unrealtask/cx/TencentGameClass/ProjectFile/Content/Sounds/Randomize_02.uasset" 173
"E:/unrealtask/cx/TencentGameClass/ProjectFile/Content/Sounds/Randomize_02.uexp" 174
"E:/unrealtask/cx/TencentGameClass/ProjectFile/Content/Sounds/Randomize_04.uasset" 175
"E:/unrealtask/cx/TencentGameClass/ProjectFile/Content/Sounds/Randomize_04.uexp" 176
"E:/unrealtask/cx/TencentGameClass/ProjectFile/Content/Sounds/Randomize_05.uasset" 177
"E:/unrealtask/cx/TencentGameClass/ProjectFile/Content/Sounds/Randomize_05.uexp" 178
"E:/unrealtask/cx/TencentGameClass/ProjectFile/Content/Sounds/Randomize_06.uasset" 179
"E:/unrealtask/cx/TencentGameClass/ProjectFile/Content/Sounds/Randomize_06.uexp" 180
"E:/unrealtask/cx/TencentGameClass/ProjectFile/Content/Sounds/Randomize_07.uasset" 181
"E:/unrealtask/cx/TencentGameClass/ProjectFile/Content/Sounds/Randomize_07.uexp" 182
"E:/unrealtask/cx/TencentGameClass/ProjectFile/Content/Sounds/Randomize_09.uasset" 183
"E:/unrealtask/cx/TencentGameClass/ProjectFile/Content/Sounds/Randomize_09.uexp" 184
"../../../Engine/Content/Animation/DefaultAnimBoneCompressionSettings.uasset" 185
"../../../Engine/Content/Animation/DefaultAnimBoneCompressionSettings.uexp" 186
"../../../Engine/Content/Animation/DefaultAnimCurveCompressionSettings.uasset" 187
"../../../Engine/Content/Animation/DefaultAnimCurveCompressionSettings.uexp" 188
"../../../Engine/Content/EngineMaterials/WorldGridMaterial.uasset" 189
"../../../Engine/Content/EngineMaterials/WorldGridMaterial.uexp" 190
"../../../Engine/Content/ArtTools/RenderToTexture/Meshes/S_1_Unit_Plane.uasset" 191
"../../../Engine/Content/ArtTools/RenderToTexture/Meshes/S_1_Unit_Plane.uexp" 192
"../../../Engine/Content/BasicShapes/Cone.uasset" 193
"../../../Engine/Content/BasicShapes/Cone.uexp" 194
"../../../Engine/Content/BasicShapes/Cube.uasset" 195
"../../../Engine/Content/BasicShapes/Cube.uexp" 196
"../../../Engine/Content/BasicShapes/Plane.uasset" 197
"../../../Engine/Content/BasicShapes/Plane.uexp" 198
"../../../Engine/Content/EditorLandscapeResources/DataLayer.uasset" 199
"../../../Engine/Content/EditorLandscapeResources/DataLayer.uexp" 200
"../../../Engine/Content/EditorLandscapeResources/DefaultAlphaTexture.uasset" 201
"../../../Engine/Content/EditorLandscapeResources/DefaultAlphaTexture.uexp" 202
"../../../Engine/Content/EditorMaterials/MAT_Groups_Toggle.uasset" 203
"../../../Engine/Content/EditorMaterials/MAT_Groups_Toggle.uexp" 204
"../../../Engine/Content/EditorMaterials/MAT_Groups_Visibility.uasset" 205
"../../../Engine/Content/EditorMaterials/MAT_Groups_Visibility.uexp" 206
"../../../Engine/Content/EditorMaterials/PreviewShadowIndicator.uasset" 207
"../../../Engine/Content/EditorMaterials/PreviewShadowIndicator.uexp" 208
"../../../Engine/Content/EditorMaterials/PreviewShadowIndicator.ubulk" 209
"../../../Engine/Content/EditorMaterials/PreviewShadowIndicatorMaterial.uasset" 210
"../../../Engine/Content/EditorMaterials/PreviewShadowIndicatorMaterial.uexp" 211
"../../../Engine/Content/EditorMaterials/MatineeGroups/MAT_ColorTrack.uasset" 212
"../../../Engine/Content/EditorMaterials/MatineeGroups/MAT_ColorTrack.uexp" 213
"../../../Engine/Content/EditorMaterials/MatineeGroups/MAT_Groups_Anim.uasset" 214
"../../../Engine/Content/EditorMaterials/MatineeGroups/MAT_Groups_Anim.uexp" 215
"../../../Engine/Content/EditorMaterials/MatineeGroups/MAT_Groups_AudioMaster.uasset" 216
"../../../Engine/Content/EditorMaterials/MatineeGroups/MAT_Groups_AudioMaster.uexp" 217
"../../../Engine/Content/EditorMaterials/MatineeGroups/MAT_Groups_Director.uasset" 218
"../../../Engine/Content/EditorMaterials/MatineeGroups/MAT_Groups_Director.uexp" 219
"../../../Engine/Content/EditorMaterials/MatineeGroups/MAT_Groups_Event.uasset" 220
"../../../Engine/Content/EditorMaterials/MatineeGroups/MAT_Groups_Event.uexp" 221
"../../../Engine/Content/EditorMaterials/MatineeGroups/MAT_Groups_Fade.uasset" 222
"../../../Engine/Content/EditorMaterials/MatineeGroups/MAT_Groups_Fade.uexp" 223
"../../../Engine/Content/EditorMaterials/MatineeGroups/MAT_Groups_Float.uasset" 224
"../../../Engine/Content/EditorMaterials/MatineeGroups/MAT_Groups_Float.uexp" 225
"../../../Engine/Content/EditorMaterials/MatineeGroups/MAT_Groups_Move.uasset" 226
"../../../Engine/Content/EditorMaterials/MatineeGroups/MAT_Groups_Move.uexp" 227
"../../../Engine/Content/EditorMaterials/MatineeGroups/MAT_Groups_Slomo.uasset" 228
"../../../Engine/Content/EditorMaterials/MatineeGroups/MAT_Groups_Slomo.uexp" 229
"../../../Engine/Content/EditorMaterials/MatineeGroups/MAT_Groups_Sound.uasset" 230
"../../../Engine/Content/EditorMaterials/MatineeGroups/MAT_Groups_Sound.uexp" 231
"../../../Engine/Content/EditorMaterials/MatineeGroups/MAT_Groups_Vector.uasset" 232
"../../../Engine/Content/EditorMaterials/MatineeGroups/MAT_Groups_Vector.uexp" 233
"../../../Engine/Content/EditorMaterials/ParticleSystems/PSysThumbnail_NoImage.uasset" 234
"../../../Engine/Content/EditorMaterials/ParticleSystems/PSysThumbnail_NoImage.uexp" 235
"../../../Engine/Content/EditorMaterials/ParticleSystems/PSysThumbnail_NoImage.ubulk" 236
"../../../Engine/Content/EditorMaterials/ParticleSystems/PSysThumbnail_OOD.uasset" 237
"../../../Engine/Content/EditorMaterials/ParticleSystems/PSysThumbnail_OOD.uexp" 238
"../../../Engine/Content/EditorMaterials/ParticleSystems/PSysThumbnail_OOD.ubulk" 239
"../../../Engine/Content/EditorMaterials/Camera/CineMat.uasset" 240
"../../../Engine/Content/EditorMaterials/Camera/CineMat.uexp" 241
"../../../Engine/Content/EditorMaterials/Camera/MI_CineMat_Rig.uasset" 242
"../../../Engine/Content/EditorMaterials/Camera/MI_CineMat_Rig.uexp" 243
"../../../Engine/Content/EditorMeshes/Camera/SM_CraneRig_Arm.uasset" 244
"../../../Engine/Content/EditorMeshes/Camera/SM_CraneRig_Arm.uexp" 245
"../../../Engine/Content/EditorMeshes/Camera/SM_CraneRig_Base.uasset" 246
"../../../Engine/Content/EditorMeshes/Camera/SM_CraneRig_Base.uexp" 247
"../../../Engine/Content/EditorMeshes/Camera/SM_CraneRig_Body.uasset" 248
"../../../Engine/Content/EditorMeshes/Camera/SM_CraneRig_Body.uexp" 249
"../../../Engine/Content/EditorMeshes/Camera/SM_CraneRig_Mount.uasset" 250
"../../../Engine/Content/EditorMeshes/Camera/SM_CraneRig_Mount.uexp" 251
"../../../Engine/Content/EditorMeshes/Camera/SM_RailRig_Mount.uasset" 252
"../../../Engine/Content/EditorMeshes/Camera/SM_RailRig_Mount.uexp" 253
"../../../Engine/Content/EditorMeshes/Camera/SM_RailRig_Track.uasset" 254
"../../../Engine/Content/EditorMeshes/Camera/SM_RailRig_Track.uexp" 255
"../../../Engine/Content/EditorResources/BSPVertex.uasset" 256
"../../../Engine/Content/EditorResources/BSPVertex.uexp" 257
"../../../Engine/Content/EditorResources/EmptyActor.uasset" 258
"../../../Engine/Content/EditorResources/EmptyActor.uexp" 259
"../../../Engine/Content/EditorResources/S_Actor.uasset" 260
"../../../Engine/Content/EditorResources/S_Actor.uexp" 261
"../../../Engine/Content/EditorResources/S_Actor.ubulk" 262
"../../../Engine/Content/EditorResources/S_Note.uasset" 263
"../../../Engine/Content/EditorResources/S_Note.uexp" 264
"../../../Engine/Content/EditorResources/S_Note.ubulk" 265
"../../../Engine/Content/EditorResources/S_Solver.uasset" 266
"../../../Engine/Content/EditorResources/S_Solver.uexp" 267
"../../../Engine/Content/EditorResources/S_Solver.ubulk" 268
"../../../Engine/Content/EditorResources/S_Terrain.uasset" 269
"../../../Engine/Content/EditorResources/S_Terrain.uexp" 270
"../../../Engine/Content/EditorResources/S_Terrain.ubulk" 271
"../../../Engine/Content/EditorResources/S_Trigger.uasset" 272
"../../../Engine/Content/EditorResources/S_Trigger.uexp" 273
"../../../Engine/Content/EditorResources/S_Trigger.ubulk" 274
"../../../Engine/Content/EditorResources/AudioIcons/S_AudioComponent.uasset" 275
"../../../Engine/Content/EditorResources/AudioIcons/S_AudioComponent.uexp" 276
"../../../Engine/Content/EditorResources/AudioIcons/S_AudioComponent.ubulk" 277
"../../../Engine/Content/EditorResources/SequenceRecorder/Countdown.uasset" 278
"../../../Engine/Content/EditorResources/SequenceRecorder/Countdown.uexp" 279
"../../../Engine/Content/EditorResources/SequenceRecorder/RecordingIndicator.uasset" 280
"../../../Engine/Content/EditorResources/SequenceRecorder/RecordingIndicator.uexp" 281
"../../../Engine/Content/EngineDamageTypes/DmgTypeBP_Environmental.uasset" 282
"../../../Engine/Content/EngineDamageTypes/DmgTypeBP_Environmental.uexp" 283
"../../../Engine/Content/EngineDebugMaterials/DebugEditorMaterial.uasset" 284
"../../../Engine/Content/EngineDebugMaterials/DebugEditorMaterial.uexp" 285
"../../../Engine/Content/EngineDebugMaterials/DebugMeshMaterial.uasset" 286
"../../../Engine/Content/EngineDebugMaterials/DebugMeshMaterial.uexp" 287
"../../../Engine/Content/EngineDebugMaterials/M_SimpleUnlitTranslucent.uasset" 288
"../../../Engine/Content/EngineDebugMaterials/M_SimpleUnlitTranslucent.uexp" 289
"../../../Engine/Content/EngineDebugMaterials/VolumeToRender.uasset" 290
"../../../Engine/Content/EngineDebugMaterials/VolumeToRender.uexp" 291
"../../../Engine/Content/Functions/Engine_MaterialFunctions02/Utility/CameraDirectionVector.uasset" 292
"../../../Engine/Content/Functions/Engine_MaterialFunctions02/Utility/CameraDirectionVector.uexp" 293
"../../../Engine/Content/EngineDebugMaterials/M_VolumeRenderSphereTracePP.uasset" 294
"../../../Engine/Content/EngineDebugMaterials/M_VolumeRenderSphereTracePP.uexp" 295
"../../../Engine/Content/Functions/Engine_MaterialFunctions01/Shading/ConvertFromDiffSpec.uasset" 296
"../../../Engine/Content/Functions/Engine_MaterialFunctions01/Shading/ConvertFromDiffSpec.uexp" 297
"../../../Engine/Content/EngineDebugMaterials/VertexColorMaterial.uasset" 298
"../../../Engine/Content/EngineDebugMaterials/VertexColorMaterial.uexp" 299
"../../../Engine/Content/EngineDebugMaterials/WireframeMaterial.uasset" 300
"../../../Engine/Content/EngineDebugMaterials/WireframeMaterial.uexp" 301
"../../../Engine/Content/EngineFonts/Faces/RobotoRegular.uasset" 302
"../../../Engine/Content/EngineFonts/Faces/RobotoRegular.uexp" 303
"../../../Engine/Content/EngineFonts/Faces/RobotoRegular.ufont" 304
"../../../Engine/Content/EngineFonts/Faces/RobotoLight.uasset" 305
"../../../Engine/Content/EngineFonts/Faces/RobotoLight.uexp" 306
"../../../Engine/Content/EngineFonts/Faces/RobotoLight.ufont" 307
"../../../Engine/Content/EngineFonts/Faces/RobotoItalic.uasset" 308
"../../../Engine/Content/EngineFonts/Faces/RobotoItalic.uexp" 309
"../../../Engine/Content/EngineFonts/Faces/RobotoItalic.ufont" 310
"../../../Engine/Content/EngineFonts/Faces/RobotoBoldItalic.uasset" 311
"../../../Engine/Content/EngineFonts/Faces/RobotoBoldItalic.uexp" 312
"../../../Engine/Content/EngineFonts/Faces/RobotoBoldItalic.ufont" 313
"../../../Engine/Content/EngineFonts/Faces/RobotoBold.uasset" 314
"../../../Engine/Content/EngineFonts/Faces/RobotoBold.uexp" 315
"../../../Engine/Content/EngineFonts/Faces/RobotoBold.ufont" 316
"../../../Engine/Content/EngineFonts/Faces/DroidSansFallback.uasset" 317
"../../../Engine/Content/EngineFonts/Faces/DroidSansFallback.uexp" 318
"../../../Engine/Content/EngineFonts/Faces/DroidSansFallback.ufont" 319
"../../../Engine/Content/EngineFonts/Roboto.uasset" 320
"../../../Engine/Content/EngineFonts/Roboto.uexp" 321
"../../../Engine/Content/EngineMaterials/BaseFlattenNormalMap.uasset" 322
"../../../Engine/Content/EngineMaterials/BaseFlattenNormalMap.uexp" 323
"../../../Engine/Content/EngineMaterials/BaseFlattenGrayscaleMap.uasset" 324
"../../../Engine/Content/EngineMaterials/BaseFlattenGrayscaleMap.uexp" 325
"../../../Engine/Content/EngineMaterials/BaseFlattenEmissiveMap.uasset" 326
"../../../Engine/Content/EngineMaterials/BaseFlattenEmissiveMap.uexp" 327
"../../../Engine/Content/EngineMaterials/BaseFlattenDiffuseMap.uasset" 328
"../../../Engine/Content/EngineMaterials/BaseFlattenDiffuseMap.uexp" 329
"../../../Engine/Content/EngineMaterials/BaseFlattenMaterial.uasset" 330
"../../../Engine/Content/EngineMaterials/BaseFlattenMaterial.uexp" 331
"../../../Engine/Content/EngineMaterials/BlueNoise.uasset" 332
"../../../Engine/Content/EngineMaterials/BlueNoise.uexp" 333
"../../../Engine/Content/EngineMaterials/DefaultBloomKernel.uasset" 334
"../../../Engine/Content/EngineMaterials/DefaultBloomKernel.uexp" 335
"../../../Engine/Content/EngineMaterials/DefaultBokeh.uasset" 336
"../../../Engine/Content/EngineMaterials/DefaultBokeh.uexp" 337
"../../../Engine/Content/EngineMaterials/DefaultDiffuse.uasset" 338
"../../../Engine/Content/EngineMaterials/DefaultDiffuse.uexp" 339
"../../../Engine/Content/EngineMaterials/DefaultDiffuse.ubulk" 340
"../../../Engine/Content/EngineMaterials/DefaultDeferredDecalMaterial.uasset" 341
"../../../Engine/Content/EngineMaterials/DefaultDeferredDecalMaterial.uexp" 342
"../../../Engine/Content/EngineMaterials/DefaultLightFunctionMaterial.uasset" 343
"../../../Engine/Content/EngineMaterials/DefaultLightFunctionMaterial.uexp" 344
"../../../Engine/Content/EngineMaterials/DefaultPhysicalMaterial.uasset" 345
"../../../Engine/Content/EngineMaterials/DefaultPhysicalMaterial.uexp" 346
"../../../Engine/Content/Functions/Engine_MaterialFunctions02/Utility/BreakOutFloat2Components.uasset" 347
"../../../Engine/Content/Functions/Engine_MaterialFunctions02/Utility/BreakOutFloat2Components.uexp" 348
"../../../Engine/Content/EngineMaterials/DefaultPostProcessMaterial.uasset" 349
"../../../Engine/Content/EngineMaterials/DefaultPostProcessMaterial.uexp" 350
"../../../Engine/Content/EngineFonts/RobotoDistanceField.uasset" 351
"../../../Engine/Content/EngineFonts/RobotoDistanceField.uexp" 352
"../../../Engine/Content/EngineMaterials/DefaultTextMaterialOpaque.uasset" 353
"../../../Engine/Content/EngineMaterials/DefaultTextMaterialOpaque.uexp" 354
"../../../Engine/Content/EngineMaterials/DefaultWhiteGrid.uasset" 355
"../../../Engine/Content/EngineMaterials/DefaultWhiteGrid.uexp" 356
"../../../Engine/Content/EngineMaterials/DefaultWhiteGrid.ubulk" 357
"../../../Engine/Content/EngineMaterials/DefaultWhiteGrid_Low.uasset" 358
"../../../Engine/Content/EngineMaterials/DefaultWhiteGrid_Low.uexp" 359
"../../../Engine/Content/EngineMaterials/EmissiveMeshMaterial.uasset" 360
"../../../Engine/Content/EngineMaterials/EmissiveMeshMaterial.uexp" 361
"../../../Engine/Content/EngineMaterials/GizmoMaterial.uasset" 362
"../../../Engine/Content/EngineMaterials/GizmoMaterial.uexp" 363
"../../../Engine/Content/EngineMaterials/Good64x64TilingNoiseHighFreq.uasset" 364
"../../../Engine/Content/EngineMaterials/Good64x64TilingNoiseHighFreq.uexp" 365
"../../../Engine/Content/EngineMaterials/MiniFont.uasset" 366
"../../../Engine/Content/EngineMaterials/MiniFont.uexp" 367
"../../../Engine/Content/EngineMaterials/InvalidLightmapSettings.uasset" 368
"../../../Engine/Content/EngineMaterials/InvalidLightmapSettings.uexp" 369
"../../../Engine/Content/EngineMaterials/InvalidLightmapSettings.ubulk" 370
"../../../Engine/Content/EngineMaterials/M_InvalidLightmapSettings.uasset" 371
"../../../Engine/Content/EngineMaterials/M_InvalidLightmapSettings.uexp" 372
"../../../Engine/Content/Functions/Engine_MaterialFunctions02/WorldPositionOffset/CameraOffset.uasset" 373
"../../../Engine/Content/Functions/Engine_MaterialFunctions02/WorldPositionOffset/CameraOffset.uexp" 374
"../../../Engine/Content/EngineMaterials/PhAT_JointLimitMaterial.uasset" 375
"../../../Engine/Content/EngineMaterials/PhAT_JointLimitMaterial.uexp" 376
"../../../Engine/Content/EngineMaterials/DefaultCalibrationColor.uasset" 377
"../../../Engine/Content/EngineMaterials/DefaultCalibrationColor.uexp" 378
"../../../Engine/Content/EngineMaterials/PPM_DefaultCalibrationColor.uasset" 379
"../../../Engine/Content/EngineMaterials/PPM_DefaultCalibrationColor.uexp" 380
"../../../Engine/Content/EngineMaterials/DefaultCalibrationGrayscale.uasset" 381
"../../../Engine/Content/EngineMaterials/DefaultCalibrationGrayscale.uexp" 382
"../../../Engine/Content/EngineMaterials/PPM_DefaultCalibrationGrayscale.uasset" 383
"../../../Engine/Content/EngineMaterials/PPM_DefaultCalibrationGrayscale.uexp" 384
"../../../Engine/Content/EngineMaterials/PreintegratedSkinBRDF.uasset" 385
"../../../Engine/Content/EngineMaterials/PreintegratedSkinBRDF.uexp" 386
"../../../Engine/Content/EngineMaterials/RemoveSurfaceMaterial.uasset" 387
"../../../Engine/Content/EngineMaterials/RemoveSurfaceMaterial.uexp" 388
"../../../Engine/Content/EngineMaterials/WeightMapPlaceholderTexture.uasset" 389
"../../../Engine/Content/EngineMaterials/WeightMapPlaceholderTexture.uexp" 390
"../../../Engine/Content/EngineResources/WhiteSquareTexture.uasset" 391
"../../../Engine/Content/EngineResources/WhiteSquareTexture.uexp" 392
"../../../Engine/Content/EngineMaterials/Widget3DPassThrough.uasset" 393
"../../../Engine/Content/EngineMaterials/Widget3DPassThrough.uexp" 394
"../../../Engine/Content/EngineMaterials/Widget3DPassThrough_Masked.uasset" 395
"../../../Engine/Content/EngineMaterials/Widget3DPassThrough_Masked.uexp" 396
"../../../Engine/Content/EngineMaterials/Widget3DPassThrough_Opaque.uasset" 397
"../../../Engine/Content/EngineMaterials/Widget3DPassThrough_Opaque.uexp" 398
"../../../Engine/Content/EngineMaterials/Widget3DPassThrough_Masked_OneSided.uasset" 399
"../../../Engine/Content/EngineMaterials/Widget3DPassThrough_Masked_OneSided.uexp" 400
"../../../Engine/Content/EngineMaterials/Widget3DPassThrough_Opaque_OneSided.uasset" 401
"../../../Engine/Content/EngineMaterials/Widget3DPassThrough_Opaque_OneSided.uexp" 402
"../../../Engine/Content/EngineMaterials/Widget3DPassThrough_Translucent.uasset" 403
"../../../Engine/Content/EngineMaterials/Widget3DPassThrough_Translucent.uexp" 404
"../../../Engine/Content/EngineMaterials/Widget3DPassThrough_Translucent_OneSided.uasset" 405
"../../../Engine/Content/EngineMaterials/Widget3DPassThrough_Translucent_OneSided.uexp" 406
"../../../Engine/Content/EngineMeshes/Cylinder.uasset" 407
"../../../Engine/Content/EngineMeshes/Cylinder.uexp" 408
"../../../Engine/Content/EngineMeshes/Sphere.uasset" 409
"../../../Engine/Content/EngineMeshes/Sphere.uexp" 410
"../../../Engine/Content/EngineResources/DefaultTexture.uasset" 411
"../../../Engine/Content/EngineResources/DefaultTexture.uexp" 412
"../../../Engine/Content/EngineResources/DefaultTexture.ubulk" 413
"../../../Engine/Content/EngineResources/DefaultTextureCube.uasset" 414
"../../../Engine/Content/EngineResources/DefaultTextureCube.uexp" 415
"../../../Engine/Content/EngineResources/DefaultVolumeTexture2D.uasset" 416
"../../../Engine/Content/EngineResources/DefaultVolumeTexture2D.uexp" 417
"../../../Engine/Content/EngineResources/DefaultVolumeTexture.uasset" 418
"../../../Engine/Content/EngineResources/DefaultVolumeTexture.uexp" 419
"../../../Engine/Content/EngineResources/GradientTexture0.uasset" 420
"../../../Engine/Content/EngineResources/GradientTexture0.uexp" 421
"../../../Engine/Content/EngineSky/VolumetricClouds/CloudGradientTexture.uasset" 422
"../../../Engine/Content/EngineSky/VolumetricClouds/CloudGradientTexture.uexp" 423
"../../../Engine/Content/EngineSky/VolumetricClouds/T_NoiseShape64.uasset" 424
"../../../Engine/Content/EngineSky/VolumetricClouds/T_NoiseShape64.uexp" 425
"../../../Engine/Content/EngineSky/VolumetricClouds/T_NoiseShape64.ubulk" 426
"../../../Engine/Content/EngineSky/VolumetricClouds/T_VolumeNoiseShape64.uasset" 427
"../../../Engine/Content/EngineSky/VolumetricClouds/T_VolumeNoiseShape64.uexp" 428
"../../../Engine/Content/EngineSky/VolumetricClouds/T_NoiseErosion.uasset" 429
"../../../Engine/Content/EngineSky/VolumetricClouds/T_NoiseErosion.uexp" 430
"../../../Engine/Content/EngineSky/VolumetricClouds/T_NoiseErosion.ubulk" 431
"../../../Engine/Content/EngineSky/VolumetricClouds/T_VolumeNoiseErosion32.uasset" 432
"../../../Engine/Content/EngineSky/VolumetricClouds/T_VolumeNoiseErosion32.uexp" 433
"../../../Engine/Content/EngineSky/VolumetricClouds/CloudWeatherTexture.uasset" 434
"../../../Engine/Content/EngineSky/VolumetricClouds/CloudWeatherTexture.uexp" 435
"../../../Engine/Content/Functions/Engine_MaterialFunctions02/Utility/MakeFloat2.uasset" 436
"../../../Engine/Content/Functions/Engine_MaterialFunctions02/Utility/MakeFloat2.uexp" 437
"../../../Engine/Content/EngineSky/VolumetricClouds/m_SimpleVolumetricCloud.uasset" 438
"../../../Engine/Content/EngineSky/VolumetricClouds/m_SimpleVolumetricCloud.uexp" 439
"../../../Engine/Content/EngineSky/VolumetricClouds/m_SimpleVolumetricCloud_Inst.uasset" 440
"../../../Engine/Content/EngineSky/VolumetricClouds/m_SimpleVolumetricCloud_Inst.uexp" 441
"../../../Engine/Content/EngineSounds/Master.uasset" 442
"../../../Engine/Content/EngineSounds/Master.uexp" 443
"../../../Engine/Content/Functions/Engine_MaterialFunctions01/Shading/PowerToRoughness.uasset" 444
"../../../Engine/Content/Functions/Engine_MaterialFunctions01/Shading/PowerToRoughness.uexp" 445
"../../../Engine/Content/Maps/Templates/Thumbnails/Default.uasset" 446
"../../../Engine/Content/Maps/Templates/Thumbnails/Default.uexp" 447
"../../../Engine/Content/Maps/Templates/Thumbnails/TimeOfDay.uasset" 448
"../../../Engine/Content/Maps/Templates/Thumbnails/TimeOfDay.uexp" 449
"../../../Engine/Content/Maps/Templates/Thumbnails/VR-Basic.uasset" 450
"../../../Engine/Content/Maps/Templates/Thumbnails/VR-Basic.uexp" 451
"../../../Engine/Content/MobileResources/T_MobileControls_texture.uasset" 452
"../../../Engine/Content/MobileResources/T_MobileControls_texture.uexp" 453
"../../../Engine/Content/MobileResources/T_MobileMenu2.uasset" 454
"../../../Engine/Content/MobileResources/T_MobileMenu2.uexp" 455
"../../../Engine/Content/MobileResources/HUD/AnalogHat.uasset" 456
"../../../Engine/Content/MobileResources/HUD/AnalogHat.uexp" 457
"../../../Engine/Content/MobileResources/HUD/VirtualJoystick_Thumb.uasset" 458
"../../../Engine/Content/MobileResources/HUD/VirtualJoystick_Thumb.uexp" 459
"../../../Engine/Content/MobileResources/HUD/VirtualJoystick_Background.uasset" 460
"../../../Engine/Content/MobileResources/HUD/VirtualJoystick_Background.uexp" 461
"../../../Engine/Content/MobileResources/HUD/DefaultVirtualJoysticks.uasset" 462
"../../../Engine/Content/MobileResources/HUD/DefaultVirtualJoysticks.uexp" 463
"../../../Engine/Content/MobileResources/HUD/LeftVirtualJoystickOnly.uasset" 464
"../../../Engine/Content/MobileResources/HUD/LeftVirtualJoystickOnly.uexp" 465
"../../../Engine/Content/MobileResources/HUD/MobileHUDButton1_off.uasset" 466
"../../../Engine/Content/MobileResources/HUD/MobileHUDButton1_off.uexp" 467
"../../../Engine/Content/MobileResources/HUD/MobileHUDButton1_on.uasset" 468
"../../../Engine/Content/MobileResources/HUD/MobileHUDButton1_on.uexp" 469
"../../../Engine/Content/MobileResources/HUD/MobileHUDButton2_off.uasset" 470
"../../../Engine/Content/MobileResources/HUD/MobileHUDButton2_off.uexp" 471
"../../../Engine/Content/MobileResources/HUD/MobileHUDButton2_on.uasset" 472
"../../../Engine/Content/MobileResources/HUD/MobileHUDButton2_on.uexp" 473
"../../../Engine/Content/MobileResources/HUD/MobileHUDButton3.uasset" 474
"../../../Engine/Content/MobileResources/HUD/MobileHUDButton3.uexp" 475
"../../../Engine/Content/MobileResources/HUD/MobileHUDButtonFire.uasset" 476
"../../../Engine/Content/MobileResources/HUD/MobileHUDButtonFire.uexp" 477
"../../../Engine/Content/MobileResources/HUD/MobileHUDDirectionPad.uasset" 478
"../../../Engine/Content/MobileResources/HUD/MobileHUDDirectionPad.uexp" 479
"../../../Engine/Content/MobileResources/HUD/MobileHUDDirectionPad2.uasset" 480
"../../../Engine/Content/MobileResources/HUD/MobileHUDDirectionPad2.uexp" 481
"../../../Engine/Content/MobileResources/HUD/MobileHUDDirectionPad3.uasset" 482
"../../../Engine/Content/MobileResources/HUD/MobileHUDDirectionPad3.uexp" 483
"../../../Engine/Content/MobileResources/HUD/MobileHUDDirectionStick.uasset" 484
"../../../Engine/Content/MobileResources/HUD/MobileHUDDirectionStick.uexp" 485
"../../../Engine/Content/MobileResources/HUD/T_Castle_ThumbstickInner.uasset" 486
"../../../Engine/Content/MobileResources/HUD/T_Castle_ThumbstickInner.uexp" 487
"../../../Engine/Content/MobileResources/HUD/T_Castle_ThumbstickOutter.uasset" 488
"../../../Engine/Content/MobileResources/HUD/T_Castle_ThumbstickOutter.uexp" 489
"../../../Engine/Content/Tutorial/ContentIntroCurve.uasset" 490
"../../../Engine/Content/Tutorial/ContentIntroCurve.uexp" 491
"../../../Engine/Content/VREditor/TransformGizmo/TranslucentTransformGizmoMaterial.uasset" 492
"../../../Engine/Content/VREditor/TransformGizmo/TranslucentTransformGizmoMaterial.uexp" 493
"../../../Engine/Content/VREditor/LaserPointer/VR_LaserPower_01.uasset" 494
"../../../Engine/Content/VREditor/LaserPointer/VR_LaserPower_01.uexp" 495
"../../../Engine/Content/VREditor/LaserPointer/VR_LaserPower_01.ubulk" 496
"../../../Engine/Content/VREditor/TransformGizmo/TransformGizmoMaterial.uasset" 497
"../../../Engine/Content/VREditor/TransformGizmo/TransformGizmoMaterial.uexp" 498
"../../../Engine/Content/VREditor/TransformGizmo/BoundingBoxCorner.uasset" 499
"../../../Engine/Content/VREditor/TransformGizmo/BoundingBoxCorner.uexp" 500
"../../../Engine/Content/VREditor/TransformGizmo/BoundingBoxEdge.uasset" 501
"../../../Engine/Content/VREditor/TransformGizmo/BoundingBoxEdge.uexp" 502
"../../../Engine/Content/VREditor/TransformGizmo/PlaneTranslationHandle.uasset" 503
"../../../Engine/Content/VREditor/TransformGizmo/PlaneTranslationHandle.uexp" 504
"../../../Engine/Content/VREditor/TransformGizmo/Xray.uasset" 505
"../../../Engine/Content/VREditor/TransformGizmo/Xray.uexp" 506
"../../../Engine/Content/VREditor/TransformGizmo/Main.uasset" 507
"../../../Engine/Content/VREditor/TransformGizmo/Main.uexp" 508
"../../../Engine/Content/VREditor/TransformGizmo/SM_Sequencer_Key.uasset" 509
"../../../Engine/Content/VREditor/TransformGizmo/SM_Sequencer_Key.uexp" 510
"../../../Engine/Content/VREditor/TransformGizmo/SM_Sequencer_Node.uasset" 511
"../../../Engine/Content/VREditor/TransformGizmo/SM_Sequencer_Node.uexp" 512
"../../../Engine/Plugins/2D/Paper2D/Content/PlaceholderTextures/DummySpriteTexture.uasset" 513
"../../../Engine/Plugins/2D/Paper2D/Content/PlaceholderTextures/DummySpriteTexture.uexp" 514
"../../../Engine/Plugins/2D/Paper2D/Content/PlaceholderTextures/DummySpriteTexture.ubulk" 515
"../../../Engine/Plugins/2D/Paper2D/Content/DummySprite.uasset" 516
"../../../Engine/Plugins/2D/Paper2D/Content/DummySprite.uexp" 517
"../../../Engine/Plugins/2D/Paper2D/Content/DefaultPaperTerrainMaterial.uasset" 518
"../../../Engine/Plugins/2D/Paper2D/Content/DefaultPaperTerrainMaterial.uexp" 519
"../../../Engine/Plugins/2D/Paper2D/Content/DefaultSpriteMaterial.uasset" 520
"../../../Engine/Plugins/2D/Paper2D/Content/DefaultSpriteMaterial.uexp" 521
"../../../Engine/Plugins/2D/Paper2D/Content/MaskedUnlitSpriteMaterial.uasset" 522
"../../../Engine/Plugins/2D/Paper2D/Content/MaskedUnlitSpriteMaterial.uexp" 523
"../../../Engine/Plugins/2D/Paper2D/Content/OpaqueUnlitSpriteMaterial.uasset" 524
"../../../Engine/Plugins/2D/Paper2D/Content/OpaqueUnlitSpriteMaterial.uexp" 525
"../../../Engine/Content/Functions/Engine_MaterialFunctions02/ObjectLocalBounds.uasset" 526
"../../../Engine/Content/Functions/Engine_MaterialFunctions02/ObjectLocalBounds.uexp" 527
"../../../Engine/Content/Functions/Engine_MaterialFunctions02/Utility/VectorLength.uasset" 528
"../../../Engine/Content/Functions/Engine_MaterialFunctions02/Utility/VectorLength.uexp" 529
"../../../Engine/Content/Functions/Engine_MaterialFunctions02/Utility/BreakOutFloat3Components.uasset" 530
"../../../Engine/Content/Functions/Engine_MaterialFunctions02/Utility/BreakOutFloat3Components.uexp" 531
"../../../Engine/Content/Functions/Engine_MaterialFunctions02/WorldPositionOffset/ObjectScale.uasset" 532
"../../../Engine/Content/Functions/Engine_MaterialFunctions02/WorldPositionOffset/ObjectScale.uexp" 533
"../../../Engine/Plugins/Editor/SpeedTreeImporter/Content/SpeedTree9/UnpackInteger3.uasset" 534
"../../../Engine/Plugins/Editor/SpeedTreeImporter/Content/SpeedTree9/UnpackInteger3.uexp" 535
"../../../Engine/Plugins/Editor/SpeedTreeImporter/Content/SpeedTree9/UnpackDirection.uasset" 536
"../../../Engine/Plugins/Editor/SpeedTreeImporter/Content/SpeedTree9/UnpackDirection.uexp" 537
"../../../Engine/Plugins/Editor/SpeedTreeImporter/Content/SpeedTree9/game_wind_noise.uasset" 538
"../../../Engine/Plugins/Editor/SpeedTreeImporter/Content/SpeedTree9/game_wind_noise.uexp" 539
"../../../Engine/Plugins/Editor/SpeedTreeImporter/Content/SpeedTree9/game_wind_noise.ubulk" 540
"../../../Engine/Content/Functions/Engine_MaterialFunctions02/SafeNormalize.uasset" 541
"../../../Engine/Content/Functions/Engine_MaterialFunctions02/SafeNormalize.uexp" 542
"../../../Engine/Plugins/Editor/SpeedTreeImporter/Content/SpeedTree9/SpeedTreeWindMotion.uasset" 543
"../../../Engine/Plugins/Editor/SpeedTreeImporter/Content/SpeedTree9/SpeedTreeWindMotion.uexp" 544
"../../../Engine/Plugins/Editor/SpeedTreeImporter/Content/SpeedTree9/SpeedTreeBranchMotion.uasset" 545
"../../../Engine/Plugins/Editor/SpeedTreeImporter/Content/SpeedTree9/SpeedTreeBranchMotion.uexp" 546
"../../../Engine/Content/Functions/Engine_MaterialFunctions02/UVs/BoundingBoxBased_0-1_UVW.uasset" 547
"../../../Engine/Content/Functions/Engine_MaterialFunctions02/UVs/BoundingBoxBased_0-1_UVW.uexp" 548
"../../../Engine/Plugins/Editor/SpeedTreeImporter/Content/SpeedTree9/SpeedTreeWind.uasset" 549
"../../../Engine/Plugins/Editor/SpeedTreeImporter/Content/SpeedTree9/SpeedTreeWind.uexp" 550
"../../../Engine/Plugins/Editor/SpeedTreeImporter/Content/SpeedTree9/SpeedTreeBillboard.uasset" 551
"../../../Engine/Plugins/Editor/SpeedTreeImporter/Content/SpeedTree9/SpeedTreeBillboard.uexp" 552
"../../../Engine/Plugins/Editor/SpeedTreeImporter/Content/SpeedTree9/EmptyNormal.uasset" 553
"../../../Engine/Plugins/Editor/SpeedTreeImporter/Content/SpeedTree9/EmptyNormal.uexp" 554
"../../../Engine/Plugins/Editor/SpeedTreeImporter/Content/SpeedTree9/Empty.uasset" 555
"../../../Engine/Plugins/Editor/SpeedTreeImporter/Content/SpeedTree9/Empty.uexp" 556
"../../../Engine/Plugins/Editor/SpeedTreeImporter/Content/SpeedTree9/SpeedTreeBillboardMaster.uasset" 557
"../../../Engine/Plugins/Editor/SpeedTreeImporter/Content/SpeedTree9/SpeedTreeBillboardMaster.uexp" 558
"../../../Engine/Plugins/Editor/SpeedTreeImporter/Content/SpeedTree9/SpeedTreeCameraFacing.uasset" 559
"../../../Engine/Plugins/Editor/SpeedTreeImporter/Content/SpeedTree9/SpeedTreeCameraFacing.uexp" 560
"../../../Engine/Plugins/Editor/SpeedTreeImporter/Content/SpeedTree9/SpeedTreeMaster.uasset" 561
"../../../Engine/Plugins/Editor/SpeedTreeImporter/Content/SpeedTree9/SpeedTreeMaster.uexp" 562
"../../../Engine/Content/ArtTools/RenderToTexture/Materials/Debug/M_Emissive_Color.uasset" 563
"../../../Engine/Content/ArtTools/RenderToTexture/Materials/Debug/M_Emissive_Color.uexp" 564
"../../../Engine/Content/BasicShapes/Cylinder.uasset" 565
"../../../Engine/Content/BasicShapes/Cylinder.uexp" 566
"../../../Engine/Plugins/Lumin/MagicLeapPassableWorld/Content/MagicLeapARPinInfoActor.uasset" 567
"../../../Engine/Plugins/Lumin/MagicLeapPassableWorld/Content/MagicLeapARPinInfoActor.uexp" 568
"../../../Engine/Plugins/Runtime/OpenXR/Content/Devices/GoogleDaydream/MRTexture.uasset" 569
"../../../Engine/Plugins/Runtime/OpenXR/Content/Devices/GoogleDaydream/MRTexture.uexp" 570
"../../../Engine/Plugins/Runtime/OpenXR/Content/Devices/GoogleDaydream/MRTexture.ubulk" 571
"../../../Engine/Plugins/Runtime/OpenXR/Content/Devices/GoogleDaydream/BaseTexture.uasset" 572
"../../../Engine/Plugins/Runtime/OpenXR/Content/Devices/GoogleDaydream/BaseTexture.uexp" 573
"../../../Engine/Plugins/Runtime/OpenXR/Content/Devices/GoogleDaydream/BaseTexture.ubulk" 574
"../../../Engine/Content/EngineResources/Black.uasset" 575
"../../../Engine/Content/EngineResources/Black.uexp" 576
"../../../Engine/Plugins/Runtime/OpenXR/Content/Devices/M_XRController.uasset" 577
"../../../Engine/Plugins/Runtime/OpenXR/Content/Devices/M_XRController.uexp" 578
"../../../Engine/Plugins/Runtime/OpenXR/Content/Devices/GoogleDaydream/MI_GoogleDaydream.uasset" 579
"../../../Engine/Plugins/Runtime/OpenXR/Content/Devices/GoogleDaydream/MI_GoogleDaydream.uexp" 580
"../../../Engine/Plugins/Runtime/OpenXR/Content/Devices/GoogleDaydream/GoogleDaydreamController.uasset" 581
"../../../Engine/Plugins/Runtime/OpenXR/Content/Devices/GoogleDaydream/GoogleDaydreamController.uexp" 582
"../../../Engine/Plugins/Runtime/OpenXR/Content/Devices/HTCVive/BaseTexture.uasset" 583
"../../../Engine/Plugins/Runtime/OpenXR/Content/Devices/HTCVive/BaseTexture.uexp" 584
"../../../Engine/Plugins/Runtime/OpenXR/Content/Devices/HTCVive/BaseTexture.ubulk" 585
"../../../Engine/Plugins/Runtime/OpenXR/Content/Devices/HTCVive/MI_HTCVive.uasset" 586
"../../../Engine/Plugins/Runtime/OpenXR/Content/Devices/HTCVive/MI_HTCVive.uexp" 587
"../../../Engine/Plugins/Runtime/OpenXR/Content/Devices/HTCVive/HTCViveController.uasset" 588
"../../../Engine/Plugins/Runtime/OpenXR/Content/Devices/HTCVive/HTCViveController.uexp" 589
"../../../Engine/Plugins/Runtime/OpenXR/Content/Devices/MicrosoftMixedReality/NormalTexture.uasset" 590
"../../../Engine/Plugins/Runtime/OpenXR/Content/Devices/MicrosoftMixedReality/NormalTexture.uexp" 591
"../../../Engine/Plugins/Runtime/OpenXR/Content/Devices/MicrosoftMixedReality/NormalTexture.ubulk" 592
"../../../Engine/Plugins/Runtime/OpenXR/Content/Devices/MicrosoftMixedReality/MRTexture.uasset" 593
"../../../Engine/Plugins/Runtime/OpenXR/Content/Devices/MicrosoftMixedReality/MRTexture.uexp" 594
"../../../Engine/Plugins/Runtime/OpenXR/Content/Devices/MicrosoftMixedReality/MRTexture.ubulk" 595
"../../../Engine/Plugins/Runtime/OpenXR/Content/Devices/MicrosoftMixedReality/EmissiveTexture.uasset" 596
"../../../Engine/Plugins/Runtime/OpenXR/Content/Devices/MicrosoftMixedReality/EmissiveTexture.uexp" 597
"../../../Engine/Plugins/Runtime/OpenXR/Content/Devices/MicrosoftMixedReality/EmissiveTexture.ubulk" 598
"../../../Engine/Plugins/Runtime/OpenXR/Content/Devices/MicrosoftMixedReality/BaseTexture.uasset" 599
"../../../Engine/Plugins/Runtime/OpenXR/Content/Devices/MicrosoftMixedReality/BaseTexture.uexp" 600
"../../../Engine/Plugins/Runtime/OpenXR/Content/Devices/MicrosoftMixedReality/BaseTexture.ubulk" 601
"../../../Engine/Plugins/Runtime/OpenXR/Content/Devices/MicrosoftMixedReality/MI_MicrosoftMixedReality.uasset" 602
"../../../Engine/Plugins/Runtime/OpenXR/Content/Devices/MicrosoftMixedReality/MI_MicrosoftMixedReality.uexp" 603
"../../../Engine/Plugins/Runtime/OpenXR/Content/Devices/MicrosoftMixedReality/Left/left_MicrosoftMixedRealityController.uasset" 604
"../../../Engine/Plugins/Runtime/OpenXR/Content/Devices/MicrosoftMixedReality/Left/left_MicrosoftMixedRealityController.uexp" 605
"../../../Engine/Plugins/Runtime/OpenXR/Content/Devices/MicrosoftMixedReality/Right/right_MicrosoftMixedRealityController.uasset" 606
"../../../Engine/Plugins/Runtime/OpenXR/Content/Devices/MicrosoftMixedReality/Right/right_MicrosoftMixedRealityController.uexp" 607
"../../../Engine/Plugins/Runtime/OpenXR/Content/Devices/OculusGo/BaseTexture.uasset" 608
"../../../Engine/Plugins/Runtime/OpenXR/Content/Devices/OculusGo/BaseTexture.uexp" 609
"../../../Engine/Plugins/Runtime/OpenXR/Content/Devices/OculusGo/BaseTexture.ubulk" 610
"../../../Engine/Plugins/Runtime/OpenXR/Content/Devices/OculusGo/MI_OculusGo.uasset" 611
"../../../Engine/Plugins/Runtime/OpenXR/Content/Devices/OculusGo/MI_OculusGo.uexp" 612
"../../../Engine/Plugins/Runtime/OpenXR/Content/Devices/OculusGo/OculusGoController.uasset" 613
"../../../Engine/Plugins/Runtime/OpenXR/Content/Devices/OculusGo/OculusGoController.uexp" 614
"../../../Engine/Plugins/Runtime/OpenXR/Content/Devices/OculusTouch/MRTexture.uasset" 615
"../../../Engine/Plugins/Runtime/OpenXR/Content/Devices/OculusTouch/MRTexture.uexp" 616
"../../../Engine/Plugins/Runtime/OpenXR/Content/Devices/OculusTouch/MRTexture.ubulk" 617
"../../../Engine/Plugins/Runtime/OpenXR/Content/Devices/OculusTouch/BaseTexture.uasset" 618
"../../../Engine/Plugins/Runtime/OpenXR/Content/Devices/OculusTouch/BaseTexture.uexp" 619
"../../../Engine/Plugins/Runtime/OpenXR/Content/Devices/OculusTouch/BaseTexture.ubulk" 620
"../../../Engine/Plugins/Runtime/OpenXR/Content/Devices/OculusTouch/MI_OculusTouch.uasset" 621
"../../../Engine/Plugins/Runtime/OpenXR/Content/Devices/OculusTouch/MI_OculusTouch.uexp" 622
"../../../Engine/Plugins/Runtime/OpenXR/Content/Devices/OculusTouch/Left/left_OculusTouchController.uasset" 623
"../../../Engine/Plugins/Runtime/OpenXR/Content/Devices/OculusTouch/Left/left_OculusTouchController.uexp" 624
"../../../Engine/Plugins/Runtime/OpenXR/Content/Devices/OculusTouch/Right/right_OculusTouchController.uasset" 625
"../../../Engine/Plugins/Runtime/OpenXR/Content/Devices/OculusTouch/Right/right_OculusTouchController.uexp" 626
"../../../Engine/Plugins/Runtime/OpenXR/Content/Devices/OculusTouch_v2/MRTexture.uasset" 627
"../../../Engine/Plugins/Runtime/OpenXR/Content/Devices/OculusTouch_v2/MRTexture.uexp" 628
"../../../Engine/Plugins/Runtime/OpenXR/Content/Devices/OculusTouch_v2/MRTexture.ubulk" 629
"../../../Engine/Plugins/Runtime/OpenXR/Content/Devices/OculusTouch_v2/BaseTexture.uasset" 630
"../../../Engine/Plugins/Runtime/OpenXR/Content/Devices/OculusTouch_v2/BaseTexture.uexp" 631
"../../../Engine/Plugins/Runtime/OpenXR/Content/Devices/OculusTouch_v2/BaseTexture.ubulk" 632
"../../../Engine/Plugins/Runtime/OpenXR/Content/Devices/OculusTouch_v2/MI_OculusTouch_v2.uasset" 633
"../../../Engine/Plugins/Runtime/OpenXR/Content/Devices/OculusTouch_v2/MI_OculusTouch_v2.uexp" 634
"../../../Engine/Plugins/Runtime/OpenXR/Content/Devices/OculusTouch_v2/Left/left_OculusTouch_v2Controller.uasset" 635
"../../../Engine/Plugins/Runtime/OpenXR/Content/Devices/OculusTouch_v2/Left/left_OculusTouch_v2Controller.uexp" 636
"../../../Engine/Plugins/Runtime/OpenXR/Content/Devices/OculusTouch_v2/Right/right_OculusTouch_v2Controller.uasset" 637
"../../../Engine/Plugins/Runtime/OpenXR/Content/Devices/OculusTouch_v2/Right/right_OculusTouch_v2Controller.uexp" 638
"../../../Engine/Plugins/Runtime/OpenXR/Content/Devices/OculusTouch_v3/MRTexture.uasset" 639
"../../../Engine/Plugins/Runtime/OpenXR/Content/Devices/OculusTouch_v3/MRTexture.uexp" 640
"../../../Engine/Plugins/Runtime/OpenXR/Content/Devices/OculusTouch_v3/MRTexture.ubulk" 641
"../../../Engine/Plugins/Runtime/OpenXR/Content/Devices/OculusTouch_v3/BaseTexture.uasset" 642
"../../../Engine/Plugins/Runtime/OpenXR/Content/Devices/OculusTouch_v3/BaseTexture.uexp" 643
"../../../Engine/Plugins/Runtime/OpenXR/Content/Devices/OculusTouch_v3/BaseTexture.ubulk" 644
"../../../Engine/Plugins/Runtime/OpenXR/Content/Devices/OculusTouch_v3/MI_OculusTouch_v3.uasset" 645
"../../../Engine/Plugins/Runtime/OpenXR/Content/Devices/OculusTouch_v3/MI_OculusTouch_v3.uexp" 646
"../../../Engine/Plugins/Runtime/OpenXR/Content/Devices/OculusTouch_v3/Left/left_OculusTouch_v3Controller.uasset" 647
"../../../Engine/Plugins/Runtime/OpenXR/Content/Devices/OculusTouch_v3/Left/left_OculusTouch_v3Controller.uexp" 648
"../../../Engine/Plugins/Runtime/OpenXR/Content/Devices/OculusTouch_v3/Right/right_OculusTouch_v3Controller.uasset" 649
"../../../Engine/Plugins/Runtime/OpenXR/Content/Devices/OculusTouch_v3/Right/right_OculusTouch_v3Controller.uexp" 650
"../../../Engine/Plugins/Runtime/OpenXR/Content/Devices/ValveIndex/MRTexture.uasset" 651
"../../../Engine/Plugins/Runtime/OpenXR/Content/Devices/ValveIndex/MRTexture.uexp" 652
"../../../Engine/Plugins/Runtime/OpenXR/Content/Devices/ValveIndex/MRTexture.ubulk" 653
"../../../Engine/Plugins/Runtime/OpenXR/Content/Devices/ValveIndex/BaseTexture.uasset" 654
"../../../Engine/Plugins/Runtime/OpenXR/Content/Devices/ValveIndex/BaseTexture.uexp" 655
"../../../Engine/Plugins/Runtime/OpenXR/Content/Devices/ValveIndex/BaseTexture.ubulk" 656
"../../../Engine/Plugins/Runtime/OpenXR/Content/Devices/ValveIndex/Left/MI_left_ValveIndex.uasset" 657
"../../../Engine/Plugins/Runtime/OpenXR/Content/Devices/ValveIndex/Left/MI_left_ValveIndex.uexp" 658
"../../../Engine/Plugins/Runtime/OpenXR/Content/Devices/ValveIndex/Left/left_ValveIndexController.uasset" 659
"../../../Engine/Plugins/Runtime/OpenXR/Content/Devices/ValveIndex/Left/left_ValveIndexController.uexp" 660
"../../../Engine/Plugins/Runtime/OpenXR/Content/Devices/ValveIndex/Right/MI_right_ValveIndex.uasset" 661
"../../../Engine/Plugins/Runtime/OpenXR/Content/Devices/ValveIndex/Right/MI_right_ValveIndex.uexp" 662
"../../../Engine/Plugins/Runtime/OpenXR/Content/Devices/ValveIndex/Right/right_ValveIndexController.uasset" 663
"../../../Engine/Plugins/Runtime/OpenXR/Content/Devices/ValveIndex/Right/right_ValveIndexController.uexp" 664
"../../../Engine/Content/Functions/Engine_MaterialFunctions02/Utility/BreakOutFloat4Components.uasset" 665
"../../../Engine/Content/Functions/Engine_MaterialFunctions02/Utility/BreakOutFloat4Components.uexp" 666
"../../../Engine/Content/Functions/Engine_MaterialFunctions02/Utility/MakeFloat3.uasset" 667
"../../../Engine/Content/Functions/Engine_MaterialFunctions02/Utility/MakeFloat3.uexp" 668
"../../../Engine/Plugins/Runtime/Oculus/OculusVR/Content/Materials/OculusMR_ChromaKey.uasset" 669
"../../../Engine/Plugins/Runtime/Oculus/OculusVR/Content/Materials/OculusMR_ChromaKey.uexp" 670
"../../../Engine/Plugins/Runtime/Oculus/OculusVR/Content/Materials/OculusMR_OpaqueColoredMaterial.uasset" 671
"../../../Engine/Plugins/Runtime/Oculus/OculusVR/Content/Materials/OculusMR_OpaqueColoredMaterial.uexp" 672
"../../../Engine/Plugins/Runtime/Oculus/OculusVR/Content/Materials/PokeAHoleMaterial.uasset" 673
"../../../Engine/Plugins/Runtime/Oculus/OculusVR/Content/Materials/PokeAHoleMaterial.uexp" 674
"../../../Engine/Plugins/Runtime/Oculus/OculusVR/Content/Textures/touchController_controlmap.uasset" 675
"../../../Engine/Plugins/Runtime/Oculus/OculusVR/Content/Textures/touchController_controlmap.uexp" 676
"../../../Engine/Plugins/Runtime/Oculus/OculusVR/Content/Textures/touchController_controlmap.ubulk" 677
"../../../Engine/Plugins/Runtime/Oculus/OculusVR/Content/Textures/touchController_albedo.uasset" 678
"../../../Engine/Plugins/Runtime/Oculus/OculusVR/Content/Textures/touchController_albedo.uexp" 679
"../../../Engine/Plugins/Runtime/Oculus/OculusVR/Content/Textures/touchController_albedo.ubulk" 680
"../../../Engine/Plugins/Runtime/Oculus/OculusVR/Content/Materials/touchController_mat.uasset" 681
"../../../Engine/Plugins/Runtime/Oculus/OculusVR/Content/Materials/touchController_mat.uexp" 682
"../../../Engine/Plugins/Runtime/Oculus/OculusVR/Content/Meshes/LeftTouchController.uasset" 683
"../../../Engine/Plugins/Runtime/Oculus/OculusVR/Content/Meshes/LeftTouchController.uexp" 684
"../../../Engine/Plugins/Runtime/Oculus/OculusVR/Content/Textures/TouchForQuestRiftSController_albedo.uasset" 685
"../../../Engine/Plugins/Runtime/Oculus/OculusVR/Content/Textures/TouchForQuestRiftSController_albedo.uexp" 686
"../../../Engine/Plugins/Runtime/Oculus/OculusVR/Content/Textures/TouchForQuestRiftSController_albedo.ubulk" 687
"../../../Engine/Plugins/Runtime/Oculus/OculusVR/Content/Materials/TouchForQuestRiftSControllerMaterial.uasset" 688
"../../../Engine/Plugins/Runtime/Oculus/OculusVR/Content/Materials/TouchForQuestRiftSControllerMaterial.uexp" 689
"../../../Engine/Plugins/Runtime/Oculus/OculusVR/Content/Meshes/LeftTouchForQuestRiftSController.uasset" 690
"../../../Engine/Plugins/Runtime/Oculus/OculusVR/Content/Meshes/LeftTouchForQuestRiftSController.uexp" 691
"../../../Engine/Plugins/Runtime/Oculus/OculusVR/Content/Meshes/RiftHMD.uasset" 692
"../../../Engine/Plugins/Runtime/Oculus/OculusVR/Content/Meshes/RiftHMD.uexp" 693
"../../../Engine/Plugins/Runtime/Oculus/OculusVR/Content/Meshes/RightTouchController.uasset" 694
"../../../Engine/Plugins/Runtime/Oculus/OculusVR/Content/Meshes/RightTouchController.uexp" 695
"../../../Engine/Plugins/Runtime/Oculus/OculusVR/Content/Meshes/RightTouchForQuestRiftSController.uasset" 696
"../../../Engine/Plugins/Runtime/Oculus/OculusVR/Content/Meshes/RightTouchForQuestRiftSController.uexp" 697
"E:/unrealtask/cx/TencentGameClass/ProjectFile/Content/Materials/M_Basic.uasset" 698
"E:/unrealtask/cx/TencentGameClass/ProjectFile/Content/Materials/M_Basic.uexp" 699
"E:/unrealtask/cx/TencentGameClass/ProjectFile/Content/Materials/M_Basic_Inst.uasset" 700
"E:/unrealtask/cx/TencentGameClass/ProjectFile/Content/Materials/M_Basic_Inst.uexp" 701
"E:/unrealtask/cx/TencentGameClass/ProjectFile/Content/Environment/Trough.uasset" 702
"E:/unrealtask/cx/TencentGameClass/ProjectFile/Content/Environment/Trough.uexp" 703
"E:/unrealtask/cx/TencentGameClass/ProjectFile/Content/Environment/Horse_TieUp.uasset" 704
"E:/unrealtask/cx/TencentGameClass/ProjectFile/Content/Environment/Horse_TieUp.uexp" 705
"E:/unrealtask/cx/TencentGameClass/ProjectFile/Content/Environment/Ground.uasset" 706
"E:/unrealtask/cx/TencentGameClass/ProjectFile/Content/Environment/Ground.uexp" 707
"E:/unrealtask/cx/TencentGameClass/ProjectFile/Content/Environment/Crate.uasset" 708
"E:/unrealtask/cx/TencentGameClass/ProjectFile/Content/Environment/Crate.uexp" 709
"E:/unrealtask/cx/TencentGameClass/ProjectFile/Content/Environment/Building_01.uasset" 710
"E:/unrealtask/cx/TencentGameClass/ProjectFile/Content/Environment/Building_01.uexp" 711
"E:/unrealtask/cx/TencentGameClass/ProjectFile/Content/Environment/Building_00.uasset" 712
"E:/unrealtask/cx/TencentGameClass/ProjectFile/Content/Environment/Building_00.uexp" 713
"E:/unrealtask/cx/TencentGameClass/ProjectFile/Content/Environment/Barrel.uasset" 714
"E:/unrealtask/cx/TencentGameClass/ProjectFile/Content/Environment/Barrel.uexp" 715
"E:/unrealtask/cx/TencentGameClass/ProjectFile/Content/Audio/Starter_Wind06.uasset" 716
"E:/unrealtask/cx/TencentGameClass/ProjectFile/Content/Audio/Starter_Wind06.uexp" 717
"E:/unrealtask/cx/TencentGameClass/ProjectFile/Content/Audio/Starter_Wind05.uasset" 718
"E:/unrealtask/cx/TencentGameClass/ProjectFile/Content/Audio/Starter_Wind05.uexp" 719
"E:/unrealtask/cx/TencentGameClass/ProjectFile/Content/Audio/Starter_Birds01.uasset" 720
"E:/unrealtask/cx/TencentGameClass/ProjectFile/Content/Audio/Starter_Birds01.uexp" 721
"E:/unrealtask/cx/TencentGameClass/ProjectFile/Content/Audio/Starter_Background_Cue.uasset" 722
"E:/unrealtask/cx/TencentGameClass/ProjectFile/Content/Audio/Starter_Background_Cue.uexp" 723
"E:/unrealtask/cx/TencentGameClass/ProjectFile/Content/Maps/Level_01_BuiltData.uasset" 724
"E:/unrealtask/cx/TencentGameClass/ProjectFile/Content/Maps/Level_01_BuiltData.uexp" 725
"E:/unrealtask/cx/TencentGameClass/ProjectFile/Content/Maps/Level_01_BuiltData.ubulk" 726
"E:/unrealtask/cx/TencentGameClass/ProjectFile/Content/Maps/Level_01.uexp" 727
"E:/unrealtask/cx/TencentGameClass/ProjectFile/Content/Maps/Level_01.umap" 728
"E:/unrealtask/cx/TencentGameClass/ProjectFile/Content/Maps/MainMenu_BuiltData.uasset" 729
"E:/unrealtask/cx/TencentGameClass/ProjectFile/Content/Maps/MainMenu_BuiltData.uexp" 730
"E:/unrealtask/cx/TencentGameClass/ProjectFile/Content/Maps/MainMenu.uexp" 731
"E:/unrealtask/cx/TencentGameClass/ProjectFile/Content/Maps/MainMenu.umap" 732
"E:/unrealtask/cx/TencentGameClass/ProjectFile/Content/Maps/ServerWithSession.uexp" 733
"E:/unrealtask/cx/TencentGameClass/ProjectFile/Content/Maps/ServerWithSession.umap" 734
"../../../Engine/Content/Maps/Entry_BuiltData.uasset" 735
"../../../Engine/Content/Maps/Entry_BuiltData.uexp" 736
"../../../Engine/Content/Maps/Entry.uexp" 737
"../../../Engine/Content/Maps/Entry.umap" 738
