Log file open, 08/31/22 17:31:52
LogWindows: Failed to load 'aqProf.dll' (GetLastError=126)
LogWindows: File 'aqProf.dll' does not exist
LogWindows: Failed to load 'VtuneApi.dll' (GetLastError=126)
LogWindows: File 'VtuneApi.dll' does not exist
LogWindows: Failed to load 'VtuneApi32e.dll' (GetLastError=126)
LogWindows: File 'VtuneApi32e.dll' does not exist
LogConsoleResponse: Display: Failed to find resolution value strings in scalability ini. Falling back to default.
LogConsoleResponse: Display: Failed to find resolution value strings in scalability ini. Falling back to default.
LogInit: Display: Running engine for game: Netshoot
LogPlatformFile: Not using cached read wrapper
LogTaskGraph: Started task graph with 5 named threads and 35 total threads with 3 sets of task threads.
LogStats: Stats thread started at 0.496886
LogICUInternationalization: ICU TimeZone Detection - Raw Offset: +8:00, Platform Override: ''
LogInit: Display: Loading text-based GConfig....
LogPluginManager: Mounting plugin MeshPainting
LogPluginManager: Mounting plugin XGEController
LogPluginManager: Mounting plugin AISupport
LogPluginManager: Mounting plugin EnvironmentQueryEditor
LogPluginManager: Mounting plugin LightPropagationVolume
LogPluginManager: Mounting plugin Paper2D
LogPluginManager: Mounting plugin CameraShakePreviewer
LogPluginManager: Mounting plugin GameplayCameras
LogPluginManager: Mounting plugin LiveLink
LogPluginManager: Mounting plugin OodleData
LogPluginManager: Mounting plugin AnimationSharing
LogPluginManager: Mounting plugin OodleNetwork
LogPluginManager: Mounting plugin CLionSourceCodeAccess
LogPluginManager: Mounting plugin CodeLiteSourceCodeAccess
LogPluginManager: Mounting plugin GitSourceControl
LogPluginManager: Mounting plugin KDevelopSourceCodeAccess
LogPluginManager: Mounting plugin NullSourceCodeAccess
LogPluginManager: Mounting plugin PerforceSourceControl
LogPluginManager: Mounting plugin PixWinPlugin
LogPluginManager: Mounting plugin PlasticSourceControl
LogPluginManager: Mounting plugin PluginUtils
LogPluginManager: Mounting plugin PropertyAccessNode
LogPluginManager: Mounting plugin Niagara
LogPluginManager: Mounting plugin SubversionSourceControl
LogPluginManager: Mounting plugin RiderSourceCodeAccess
LogPluginManager: Mounting plugin TextureFormatOodle
LogPluginManager: Mounting plugin UObjectPlugin
LogPluginManager: Mounting plugin VisualStudioCodeSourceCodeAccess
LogPluginManager: Mounting plugin VisualStudioSourceCodeAccess
LogPluginManager: Mounting plugin DatasmithContent
LogPluginManager: Mounting plugin XCodeSourceCodeAccess
LogPluginManager: Mounting plugin AssetManagerEditor
LogPluginManager: Mounting plugin CryptoKeys
LogPluginManager: Mounting plugin CurveEditorTools
LogPluginManager: Mounting plugin VariantManagerContent
LogPluginManager: Mounting plugin DataValidation
LogPluginManager: Mounting plugin FacialAnimation
LogPluginManager: Mounting plugin GeometryMode
LogPluginManager: Mounting plugin GameplayTagsEditor
LogPluginManager: Mounting plugin LuminPlatformFeatures
LogPluginManager: Mounting plugin MacGraphicsSwitching
LogPluginManager: Mounting plugin MagicLeap
LogPluginManager: Mounting plugin MaterialAnalyzer
LogPluginManager: Mounting plugin MobileLauncherProfileWizard
LogPluginManager: Mounting plugin PluginBrowser
LogPluginManager: Mounting plugin SpeedTreeImporter
LogPluginManager: Mounting plugin MagicLeapLightEstimation
LogPluginManager: Mounting plugin MagicLeapMedia
LogPluginManager: Mounting plugin AlembicImporter
LogPluginManager: Mounting plugin MagicLeapPassableWorld
LogPluginManager: Mounting plugin AutomationUtils
LogPluginManager: Mounting plugin BackChannel
LogPluginManager: Mounting plugin MLSDK
LogPluginManager: Mounting plugin ChaosCloth
LogPluginManager: Mounting plugin ChaosClothEditor
LogPluginManager: Mounting plugin ChaosEditor
LogPluginManager: Mounting plugin ChaosNiagara
LogPluginManager: Mounting plugin ChaosSolverPlugin
LogPluginManager: Mounting plugin CharacterAI
LogPluginManager: Mounting plugin AndroidMedia
LogPluginManager: Mounting plugin GeometryCache
LogPluginManager: Mounting plugin AvfMedia
LogPluginManager: Mounting plugin GeometryCollectionPlugin
LogPluginManager: Mounting plugin ImgMedia
LogPluginManager: Mounting plugin MediaCompositing
LogPluginManager: Mounting plugin TcpMessaging
LogPluginManager: Mounting plugin MediaPlayerEditor
LogPluginManager: Mounting plugin UdpMessaging
LogPluginManager: Mounting plugin WebMMedia
LogPluginManager: Mounting plugin WmfMedia
LogPluginManager: Mounting plugin GeometryProcessing
LogPluginManager: Mounting plugin MotoSynth
LogPluginManager: Mounting plugin OpenImageDenoise
LogPluginManager: Mounting plugin PlanarCut
LogPluginManager: Mounting plugin PlatformCrypto
LogPluginManager: Mounting plugin ProxyLODPlugin
LogPluginManager: Mounting plugin PythonScriptPlugin
LogPluginManager: Mounting plugin SkeletalReduction
LogPluginManager: Mounting plugin ActorSequence
LogPluginManager: Mounting plugin MatineeToLevelSequence
LogPluginManager: Mounting plugin LevelSequenceEditor
LogPluginManager: Mounting plugin TemplateSequence
LogPluginManager: Mounting plugin OnlineSubsystem
LogPluginManager: Mounting plugin LauncherChunkInstaller
LogPluginManager: Mounting plugin OnlineSubsystemNull
LogPluginManager: Mounting plugin OnlineSubsystemUtils
LogPluginManager: Mounting plugin ActorLayerUtilities
LogPluginManager: Mounting plugin AndroidDeviceProfileSelector
LogPluginManager: Mounting plugin AndroidPermission
LogPluginManager: Mounting plugin AndroidMoviePlayer
LogPluginManager: Mounting plugin AppleImageUtils
LogPluginManager: Mounting plugin AppleMoviePlayer
LogPluginManager: Mounting plugin ArchVisCharacter
LogPluginManager: Mounting plugin AssetTags
LogPluginManager: Mounting plugin AudioCapture
LogPluginManager: Mounting plugin AudioSynesthesia
LogPluginManager: Mounting plugin CableComponent
LogPluginManager: Mounting plugin CustomMeshComponent
LogPluginManager: Mounting plugin ChunkDownloader
LogPluginManager: Mounting plugin EditableMesh
LogPluginManager: Mounting plugin ExampleDeviceProfileSelector
LogPluginManager: Mounting plugin GoogleCloudMessaging
LogPluginManager: Mounting plugin GooglePAD
LogPluginManager: Mounting plugin IOSDeviceProfileSelector
LogPluginManager: Mounting plugin LinuxDeviceProfileSelector
LogPluginManager: Mounting plugin LocationServicesBPLibrary
LogPluginManager: Mounting plugin MobilePatchingUtils
LogPluginManager: Mounting plugin OpenXR
LogPluginManager: Mounting plugin OpenXREyeTracker
LogPluginManager: Mounting plugin OpenXRHandTracking
LogPluginManager: Mounting plugin PhysXVehicles
LogPluginManager: Mounting plugin PostSplashScreen
LogPluginManager: Mounting plugin ProceduralMeshComponent
LogPluginManager: Mounting plugin PropertyAccessEditor
LogPluginManager: Mounting plugin RuntimePhysXCooking
LogPluginManager: Mounting plugin SignificanceManager
LogPluginManager: Mounting plugin SoundFields
LogPluginManager: Mounting plugin Synthesis
LogPluginManager: Mounting plugin WebMMoviePlayer
LogPluginManager: Mounting plugin ScreenshotTools
LogPluginManager: Mounting plugin WindowsMoviePlayer
LogPluginManager: Mounting plugin Takes
LogPluginManager: Mounting plugin ContentBrowserAssetDataSource
LogPluginManager: Mounting plugin ContentBrowserClassDataSource
LogPluginManager: Mounting plugin ContentBrowserFileDataSource
LogPluginManager: Mounting plugin OnlineSubsystemIOS
LogPluginManager: Mounting plugin OnlineSubsystemGooglePlay
LogPluginManager: Mounting plugin OculusVR
LogPluginManager: Mounting plugin SteamVR
Launching UnrealBuildTool... [E:/unreal/UnrealEngine/Engine/Binaries/DotNET/UnrealBuildTool.exe -Mode=QueryTargets -Project="E:/unrealtask/tencentTask/task3/task3/Netshoot.uproject" -Output="E:/unrealtask/tencentTask/task3/task3/Intermediate/TargetInfo.json"]
Building UnrealBuildTool...
Building UnrealBuildTool in E:/unreal/UnrealEngine/...
Running: C:\Windows\Microsoft.NET\Framework\v4.0.30319\MSBuild.exe /nologo /verbosity:quiet "E:/unreal/UnrealEngine/Engine/Source/Programs/UnrealBuildTool/UnrealBuildTool.csproj" /property:Configuration=Development /property:Platform=AnyCPU
Launching UnrealBuildTool... [E:/unreal/UnrealEngine/Engine/Binaries/DotNET/UnrealBuildTool.exe -Mode=QueryTargets -Project="E:/unrealtask/tencentTask/task3/task3/Netshoot.uproject" -Output="E:/unrealtask/tencentTask/task3/task3/Intermediate/TargetInfo.json"]
LogInit: Warning: Incompatible or missing module: Netshoot
Running E:/unreal/UnrealEngine/Engine/Binaries/DotNET/UnrealBuildTool.exe Development Win64 -Project="E:/unrealtask/tencentTask/task3/task3/Netshoot.uproject" -TargetType=Editor -Progress -NoEngineChanges -NoHotReloadFromIDE
Using 'git status' to determine working set for adaptive non-unity build (E:\unreal\UnrealEngine).
Creating makefile for NetshootEditor (no existing makefile)
@progress push 5%
@progress push 5%
@progress pop
Parsing headers for NetshootEditor
  Running UnrealHeaderTool "E:\unrealtask\tencentTask\task3\task3\Netshoot.uproject" "E:\unrealtask\tencentTask\task3\task3\Intermediate\Build\Win64\NetshootEditor\Development\NetshootEditor.uhtmanifest" -LogCmds="loginit warning, logexit warning, logdatabase error" -Unattended -WarningsAsErrors -abslog="E:\unreal\UnrealEngine\Engine\Programs\UnrealBuildTool\Log_UHT.txt"
LogInit: Display: Loading text-based GConfig....
Reflection code generated for NetshootEditor in 4.9910719 seconds
@progress pop
ERROR: Building would modify the following engine files:
       
       E:\unreal\UnrealEngine\Engine\Binaries\Win64\Android\UE4Editor.modules
       E:\unreal\UnrealEngine\Engine\Binaries\Win64\IOS\UE4Editor.modules
       E:\unreal\UnrealEngine\Engine\Binaries\Win64\Lumin\UE4Editor.modules
       E:\unreal\UnrealEngine\Engine\Binaries\Win64\UE4Editor.modules
       E:\unreal\UnrealEngine\Engine\Plugins\2D\Paper2D\Binaries\Win64\UE4Editor.modules
       E:\unreal\UnrealEngine\Engine\Plugins\AI\AISupport\Binaries\Win64\UE4Editor.modules
       E:\unreal\UnrealEngine\Engine\Plugins\AI\EnvironmentQueryEditor\Binaries\Win64\UE4Editor.modules
       E:\unreal\UnrealEngine\Engine\Plugins\Animation\LiveLink\Binaries\Win64\UE4Editor.modules
       E:\unreal\UnrealEngine\Engine\Plugins\Blendables\LightPropagationVolume\Binaries\Win64\UE4Editor.modules
       E:\unreal\UnrealEngine\Engine\Plugins\Cameras\CameraShakePreviewer\Binaries\Win64\UE4Editor.modules
       E:\unreal\UnrealEngine\Engine\Plugins\Cameras\GameplayCameras\Binaries\Win64\UE4Editor.modules
       E:\unreal\UnrealEngine\Engine\Plugins\Compression\OodleData\Binaries\Win64\UE4Editor.modules
       E:\unreal\UnrealEngine\Engine\Plugins\Compression\OodleNetwork\Binaries\Win64\UE4Editor.modules
       E:\unreal\UnrealEngine\Engine\Plugins\Developer\AnimationSharing\Binaries\Win64\UE4Editor.modules
       E:\unreal\UnrealEngine\Engine\Plugins\Developer\CLionSourceCodeAccess\Binaries\Win64\UE4Editor.modules
       E:\unreal\UnrealEngine\Engine\Plugins\Developer\GitSourceControl\Binaries\Win64\UE4Editor.modules
       E:\unreal\UnrealEngine\Engine\Plugins\Developer\PerforceSourceControl\Binaries\Win64\UE4Editor.modules
       E:\unreal\UnrealEngine\Engine\Plugins\Developer\PixWinPlugin\Binaries\Win64\UE4Editor.modules
       E:\unreal\UnrealEngine\Engine\Plugins\Developer\PlasticSourceControl\Binaries\Win64\UE4Editor.modules
       E:\unreal\UnrealEngine\Engine\Plugins\Developer\PluginUtils\Binaries\Win64\UE4Editor.modules
       E:\unreal\UnrealEngine\Engine\Plugins\Developer\PropertyAccessNode\Binaries\Win64\UE4Editor.modules
       E:\unreal\UnrealEngine\Engine\Plugins\Developer\RiderSourceCodeAccess\Binaries\Win64\UE4Editor.modules
       E:\unreal\UnrealEngine\Engine\Plugins\Developer\SubversionSourceControl\Binaries\Win64\UE4Editor.modules
       E:\unreal\UnrealEngine\Engine\Plugins\Developer\TextureFormatOodle\Binaries\Win64\UE4Editor.modules
       E:\unreal\UnrealEngine\Engine\Plugins\Developer\UObjectPlugin\Binaries\Win64\UE4Editor.modules
       E:\unreal\UnrealEngine\Engine\Plugins\Developer\VisualStudioCodeSourceCodeAccess\Binaries\Win64\UE4Editor.modules
       E:\unreal\UnrealEngine\Engine\Plugins\Developer\VisualStudioSourceCodeAccess\Binaries\Win64\UE4Editor.modules
       E:\unreal\UnrealEngine\Engine\Plugins\Editor\AssetManagerEditor\Binaries\Win64\UE4Editor.modules
       E:\unreal\UnrealEngine\Engine\Plugins\Editor\ContentBrowser\ContentBrowserAssetDataSource\Binaries\Win64\UE4Editor.modules
       E:\unreal\UnrealEngine\Engine\Plugins\Editor\ContentBrowser\ContentBrowserClassDataSource\Binaries\Win64\UE4Editor.modules
       E:\unreal\UnrealEngine\Engine\Plugins\Editor\ContentBrowser\ContentBrowserFileDataSource\Binaries\Win64\UE4Editor.modules
       E:\unreal\UnrealEngine\Engine\Plugins\Editor\CryptoKeys\Binaries\Win64\UE4Editor.modules
       E:\unreal\UnrealEngine\Engine\Plugins\Editor\CurveEditorTools\Binaries\Win64\UE4Editor.modules
       E:\unreal\UnrealEngine\Engine\Plugins\Editor\DataValidation\Binaries\Win64\UE4Editor.modules
       E:\unreal\UnrealEngine\Engine\Plugins\Editor\FacialAnimation\Binaries\Win64\UE4Editor.modules
       E:\unreal\UnrealEngine\Engine\Plugins\Editor\GameplayTagsEditor\Binaries\Win64\UE4Editor.modules
       E:\unreal\UnrealEngine\Engine\Plugins\Editor\GeometryMode\Binaries\Win64\UE4Editor.modules
       E:\unreal\UnrealEngine\Engine\Plugins\Editor\MaterialAnalyzer\Binaries\Win64\UE4Editor.modules
       E:\unreal\UnrealEngine\Engine\Plugins\Editor\MobileLauncherProfileWizard\Binaries\Win64\UE4Editor.modules
       E:\unreal\UnrealEngine\Engine\Plugins\Editor\PluginBrowser\Binaries\Win64\UE4Editor.modules
       E:\unreal\UnrealEngine\Engine\Plugins\Editor\SpeedTreeImporter\Binaries\Win64\UE4Editor.modules
       E:\unreal\UnrealEngine\Engine\Plugins\Enterprise\DatasmithContent\Binaries\Win64\UE4Editor.modules
       E:\unreal\UnrealEngine\Engine\Plugins\Enterprise\VariantManagerContent\Binaries\Win64\UE4Editor.modules
       E:\unreal\UnrealEngine\Engine\Plugins\Experimental\AlembicImporter\Binaries\Win64\UE4Editor.modules
       E:\unreal\UnrealEngine\Engine\Plugins\Experimental\AutomationUtils\Binaries\Win64\UE4Editor.modules
       E:\unreal\UnrealEngine\Engine\Plugins\Experimental\BackChannel\Binaries\Win64\UE4Editor.modules
       E:\unreal\UnrealEngine\Engine\Plugins\Experimental\ChaosCloth\Binaries\Win64\UE4Editor.modules
       E:\unreal\UnrealEngine\Engine\Plugins\Experimental\ChaosClothEditor\Binaries\Win64\UE4Editor.modules
       E:\unreal\UnrealEngine\Engine\Plugins\Experimental\ChaosEditor\Binaries\Win64\UE4Editor.modules
       E:\unreal\UnrealEngine\Engine\Plugins\Experimental\ChaosNiagara\Binaries\Win64\UE4Editor.modules
       E:\unreal\UnrealEngine\Engine\Plugins\Experimental\ChaosSolverPlugin\Binaries\Win64\UE4Editor.modules
       E:\unreal\UnrealEngine\Engine\Plugins\Experimental\CharacterAI\Binaries\Win64\UE4Editor.modules
       E:\unreal\UnrealEngine\Engine\Plugins\Experimental\GeometryCache\Binaries\Win64\UE4Editor.modules
       E:\unreal\UnrealEngine\Engine\Plugins\Experimental\GeometryCollectionPlugin\Binaries\Win64\UE4Editor.modules
       E:\unreal\UnrealEngine\Engine\Plugins\Experimental\GeometryProcessing\Binaries\Win64\UE4Editor.modules
       E:\unreal\UnrealEngine\Engine\Plugins\Experimental\MotoSynth\Binaries\Win64\UE4Editor.modules
       E:\unreal\UnrealEngine\Engine\Plugins\Experimental\OpenImageDenoise\Binaries\Win64\UE4Editor.modules
       E:\unreal\UnrealEngine\Engine\Plugins\Experimental\PlanarCutPlugin\Binaries\Win64\UE4Editor.modules
       E:\unreal\UnrealEngine\Engine\Plugins\Experimental\PlatformCrypto\Binaries\Win64\UE4Editor.modules
       E:\unreal\UnrealEngine\Engine\Plugins\Experimental\ProxyLODPlugin\Binaries\Win64\UE4Editor.modules
       E:\unreal\UnrealEngine\Engine\Plugins\Experimental\PythonScriptPlugin\Binaries\Win64\UE4Editor.modules
       E:\unreal\UnrealEngine\Engine\Plugins\Experimental\SkeletalReduction\Binaries\Win64\UE4Editor.modules
       E:\unreal\UnrealEngine\Engine\Plugins\FX\Niagara\Binaries\Win64\UE4Editor.modules
       E:\unreal\UnrealEngine\Engine\Plugins\Lumin\MagicLeap\Binaries\Win64\UE4Editor.modules
       E:\unreal\UnrealEngine\Engine\Plugins\Lumin\MagicLeapLightEstimation\Binaries\Win64\UE4Editor.modules
       E:\unreal\UnrealEngine\Engine\Plugins\Lumin\MagicLeapMedia\Binaries\Win64\UE4Editor.modules
       E:\unreal\UnrealEngine\Engine\Plugins\Lumin\MagicLeapPassableWorld\Binaries\Win64\UE4Editor.modules
       E:\unreal\UnrealEngine\Engine\Plugins\Lumin\MLSDK\Binaries\Win64\UE4Editor.modules
       E:\unreal\UnrealEngine\Engine\Plugins\Media\AndroidMedia\Binaries\Win64\UE4Editor.modules
       E:\unreal\UnrealEngine\Engine\Plugins\Media\AvfMedia\Binaries\Win64\UE4Editor.modules
       E:\unreal\UnrealEngine\Engine\Plugins\Media\ImgMedia\Binaries\Win64\UE4Editor.modules
       E:\unreal\UnrealEngine\Engine\Plugins\Media\MediaCompositing\Binaries\Win64\UE4Editor.modules
       E:\unreal\UnrealEngine\Engine\Plugins\Media\MediaPlayerEditor\Binaries\Win64\UE4Editor.modules
       E:\unreal\UnrealEngine\Engine\Plugins\Media\WebMMedia\Binaries\Win64\UE4Editor.modules
       E:\unreal\UnrealEngine\Engine\Plugins\Media\WmfMedia\Binaries\Win64\UE4Editor.modules
       E:\unreal\UnrealEngine\Engine\Plugins\MeshPainting\Binaries\Win64\UE4Editor.modules
       E:\unreal\UnrealEngine\Engine\Plugins\Messaging\TcpMessaging\Binaries\Win64\UE4Editor.modules
       E:\unreal\UnrealEngine\Engine\Plugins\Messaging\UdpMessaging\Binaries\Win64\UE4Editor.modules
       E:\unreal\UnrealEngine\Engine\Plugins\MovieScene\ActorSequence\Binaries\Win64\UE4Editor.modules
       E:\unreal\UnrealEngine\Engine\Plugins\MovieScene\LevelSequenceEditor\Binaries\Win64\UE4Editor.modules
       E:\unreal\UnrealEngine\Engine\Plugins\MovieScene\MatineeToLevelSequence\Binaries\Win64\UE4Editor.modules
       E:\unreal\UnrealEngine\Engine\Plugins\MovieScene\TemplateSequence\Binaries\Win64\UE4Editor.modules
       E:\unreal\UnrealEngine\Engine\Plugins\Online\OnlineSubsystem\Binaries\Win64\UE4Editor.modules
       E:\unreal\UnrealEngine\Engine\Plugins\Online\OnlineSubsystemNull\Binaries\Win64\UE4Editor.modules
       E:\unreal\UnrealEngine\Engine\Plugins\Online\OnlineSubsystemUtils\Binaries\Win64\UE4Editor.modules
       E:\unreal\UnrealEngine\Engine\Plugins\Portal\LauncherChunkInstaller\Binaries\Win64\UE4Editor.modules
       E:\unreal\UnrealEngine\Engine\Plugins\Runtime\ActorLayerUtilities\Binaries\Win64\UE4Editor.modules
       E:\unreal\UnrealEngine\Engine\Plugins\Runtime\AndroidDeviceProfileSelector\Binaries\Win64\UE4Editor.modules
       E:\unreal\UnrealEngine\Engine\Plugins\Runtime\AndroidPermission\Binaries\Win64\UE4Editor.modules
       E:\unreal\UnrealEngine\Engine\Plugins\Runtime\AppleImageUtils\Binaries\Win64\UE4Editor.modules
       E:\unreal\UnrealEngine\Engine\Plugins\Runtime\ArchVisCharacter\Binaries\Win64\UE4Editor.modules
       E:\unreal\UnrealEngine\Engine\Plugins\Runtime\AssetTags\Binaries\Win64\UE4Editor.modules
       E:\unreal\UnrealEngine\Engine\Plugins\Runtime\AudioCapture\Binaries\Win64\UE4Editor.modules
       E:\unreal\UnrealEngine\Engine\Plugins\Runtime\AudioSynesthesia\Binaries\Win64\UE4Editor.modules
       E:\unreal\UnrealEngine\Engine\Plugins\Runtime\CableComponent\Binaries\Win64\UE4Editor.modules
       E:\unreal\UnrealEngine\Engine\Plugins\Runtime\ChunkDownloader\Binaries\Win64\UE4Editor.modules
       E:\unreal\UnrealEngine\Engine\Plugins\Runtime\CustomMeshComponent\Binaries\Win64\UE4Editor.modules
       E:\unreal\UnrealEngine\Engine\Plugins\Runtime\EditableMesh\Binaries\Win64\UE4Editor.modules
       E:\unreal\UnrealEngine\Engine\Plugins\Runtime\ExampleDeviceProfileSelector\Binaries\Win64\UE4Editor.modules
       E:\unreal\UnrealEngine\Engine\Plugins\Runtime\GooglePAD\Binaries\Win64\UE4Editor.modules
       E:\unreal\UnrealEngine\Engine\Plugins\Runtime\LocationServicesBPLibrary\Binaries\Win64\UE4Editor.modules
       E:\unreal\UnrealEngine\Engine\Plugins\Runtime\MobilePatchingUtils\Binaries\Win64\UE4Editor.modules
       E:\unreal\UnrealEngine\Engine\Plugins\Runtime\Oculus\OculusVR\Binaries\Win64\UE4Editor.modules
       E:\unreal\UnrealEngine\Engine\Plugins\Runtime\OpenXR\Binaries\Win64\UE4Editor.modules
       E:\unreal\UnrealEngine\Engine\Plugins\Runtime\OpenXREyeTracker\Binaries\Win64\UE4Editor.modules
       E:\unreal\UnrealEngine\Engine\Plugins\Runtime\OpenXRHandTracking\Binaries\Win64\UE4Editor.modules
       E:\unreal\UnrealEngine\Engine\Plugins\Runtime\PhysXVehicles\Binaries\Win64\UE4Editor.modules
       E:\unreal\UnrealEngine\Engine\Plugins\Runtime\ProceduralMeshComponent\Binaries\Win64\UE4Editor.modules
       E:\unreal\UnrealEngine\Engine\Plugins\Runtime\PropertyAccess\Binaries\Win64\UE4Editor.modules
       E:\unreal\UnrealEngine\Engine\Plugins\Runtime\RuntimePhysXCooking\Binaries\Win64\UE4Editor.modules
       E:\unreal\UnrealEngine\Engine\Plugins\Runtime\SignificanceManager\Binaries\Win64\UE4Editor.modules
       E:\unreal\UnrealEngine\Engine\Plugins\Runtime\SoundFields\Binaries\Win64\UE4Editor.modules
       E:\unreal\UnrealEngine\Engine\Plugins\Runtime\Steam\SteamVR\Binaries\Win64\UE4Editor.modules
       E:\unreal\UnrealEngine\Engine\Plugins\Runtime\Synthesis\Binaries\Win64\UE4Editor.modules
       E:\unreal\UnrealEngine\Engine\Plugins\Runtime\WebMMoviePlayer\Binaries\Win64\UE4Editor.modules
       E:\unreal\UnrealEngine\Engine\Plugins\Runtime\WindowsMoviePlayer\Binaries\Win64\UE4Editor.modules
       E:\unreal\UnrealEngine\Engine\Plugins\Tests\ScreenshotTools\Binaries\Win64\UE4Editor.modules
       E:\unreal\UnrealEngine\Engine\Plugins\VirtualProduction\Takes\Binaries\Win64\UE4Editor.modules
       E:\unreal\UnrealEngine\Engine\Plugins\XGEController\Binaries\Win64\UE4Editor.modules
       
       Please rebuild from an IDE instead.
LogCore: Engine exit requested (reason: EngineExit() was called)
LogExit: Preparing to exit.
LogModuleManager: Shutting down and abandoning module DesktopPlatform (48)
LogModuleManager: Shutting down and abandoning module PythonScriptPluginPreload (46)
LogModuleManager: Shutting down and abandoning module PlatformCryptoOpenSSL (44)
LogModuleManager: Shutting down and abandoning module PlatformCryptoTypes (42)
LogModuleManager: Shutting down and abandoning module PlatformCrypto (40)
LogModuleManager: Shutting down and abandoning module OodleDataCompressionFormat (38)
LogModuleManager: Shutting down and abandoning module XGEController (36)
LogXGEController: Cannot use XGE Controller as Incredibuild is not installed on this machine.
LogModuleManager: Shutting down and abandoning module AnimationModifiers (34)
LogModuleManager: Shutting down and abandoning module AudioEditor (32)
LogModuleManager: Shutting down and abandoning module PropertyEditor (31)
LogModuleManager: Shutting down and abandoning module TextureCompressor (28)
LogModuleManager: Shutting down and abandoning module RenderCore (26)
LogModuleManager: Shutting down and abandoning module Landscape (24)
LogModuleManager: Shutting down and abandoning module SlateRHIRenderer (22)
LogModuleManager: Shutting down and abandoning module AnimGraphRuntime (20)
LogModuleManager: Shutting down and abandoning module Renderer (18)
LogModuleManager: Shutting down and abandoning module Engine (16)
LogModuleManager: Shutting down and abandoning module CoreUObject (14)
LogModuleManager: Shutting down and abandoning module NetworkFile (12)
LogModuleManager: Shutting down and abandoning module CookedIterativeFile (10)
LogModuleManager: Shutting down and abandoning module StreamingFile (8)
LogModuleManager: Shutting down and abandoning module SandboxFile (6)
LogModuleManager: Shutting down and abandoning module PakFile (4)
LogModuleManager: Shutting down and abandoning module RSA (3)
LogExit: Exiting.
Log file closed, 08/31/22 17:32:09
